[memory ][Fri Jul 23 03:18:59 2021][18813] GC mode: Garbage collection optimized for throughput, strategy: Generational Parallel Mark & Sweep.
[memory ][Fri Jul 23 03:18:59 2021][18813] Heap size: 8388608KB, maximal heap size: 8388608KB, nursery size: 4194304KB.
[memory ][Fri Jul 23 03:18:59 2021][18813] <start>-<end>: <type> <before>KB-><after>KB (<heap>KB), <time> ms, sum of pauses <pause> ms.
[memory ][Fri Jul 23 03:18:59 2021][18813] <start>  - start time of collection (seconds since jvm start).
[memory ][Fri Jul 23 03:18:59 2021][18813] <type>   - OC (old collection) or YC (young collection).
[memory ][Fri Jul 23 03:18:59 2021][18813] <end>    - end time of collection (seconds since jvm start).
[memory ][Fri Jul 23 03:18:59 2021][18813] <before> - memory used by objects before collection (KB).
[memory ][Fri Jul 23 03:18:59 2021][18813] <after>  - memory used by objects after collection (KB).
[memory ][Fri Jul 23 03:18:59 2021][18813] <heap>   - size of heap after collection (KB).
[memory ][Fri Jul 23 03:18:59 2021][18813] <time>   - total time of collection (milliseconds).
[memory ][Fri Jul 23 03:18:59 2021][18813] <pause>  - total sum of pauses during collection (milliseconds).
[memory ][Fri Jul 23 03:18:59 2021][18813]            Run with -Xverbose:gcpause to see individual phases.
[memory ][Fri Jul 23 03:18:59 2021][18813] Running on hypervisor Unknown (but probably running on a hypervisor)
[memory ][Fri Jul 23 03:21:45 2021][18813] [YC#1] 165.813-166.126: YC 4780953KB->1959097KB (8388608KB), 0.313 s, sum of pauses 312.595 ms, longest pause 312.595 ms.
[memory ][Fri Jul 23 03:22:29 2021][18813] [YC#2] 209.112-209.280: YC 5115231KB->2292791KB (8388608KB), 0.168 s, sum of pauses 167.615 ms, longest pause 167.615 ms.
[memory ][Fri Jul 23 03:22:47 2021][18813] [YC#3] 227.916-227.955: YC 5441771KB->2313535KB (8388608KB), 0.039 s, sum of pauses 38.227 ms, longest pause 38.227 ms.
[memory ][Fri Jul 23 03:23:07 2021][18813] [YC#4] 247.287-247.305: YC 5464834KB->2320575KB (8388608KB), 0.018 s, sum of pauses 17.300 ms, longest pause 17.300 ms.
[memory ][Fri Jul 23 03:23:25 2021][18813] [YC#5] 266.014-266.033: YC 5471245KB->2326591KB (8388608KB), 0.019 s, sum of pauses 18.471 ms, longest pause 18.471 ms.
[memory ][Fri Jul 23 03:23:44 2021][18813] [YC#6] 284.493-284.513: YC 5475547KB->2330183KB (8388608KB), 0.020 s, sum of pauses 19.945 ms, longest pause 19.945 ms.
[memory ][Fri Jul 23 03:24:03 2021][18813] [YC#7] 303.251-303.270: YC 5481592KB->2337087KB (8388608KB), 0.019 s, sum of pauses 18.550 ms, longest pause 18.550 ms.
[memory ][Fri Jul 23 03:24:21 2021][18813] [YC#8] 321.938-321.956: YC 5488066KB->2343815KB (8388608KB), 0.017 s, sum of pauses 17.194 ms, longest pause 17.194 ms.
[memory ][Fri Jul 23 03:24:40 2021][18813] [YC#9] 340.397-340.415: YC 5493026KB->2347921KB (8388608KB), 0.018 s, sum of pauses 17.395 ms, longest pause 17.395 ms.
[memory ][Fri Jul 23 03:24:58 2021][18813] [YC#10] 359.043-359.060: YC 5496902KB->2351792KB (8388608KB), 0.017 s, sum of pauses 16.419 ms, longest pause 16.419 ms.
[memory ][Fri Jul 23 03:25:17 2021][18813] [YC#11] 377.852-377.878: YC 5507302KB->2364095KB (8388608KB), 0.026 s, sum of pauses 25.455 ms, longest pause 25.455 ms.
[memory ][Fri Jul 23 03:25:34 2021][18813] [YC#12] 394.304-394.329: YC 5515407KB->2377343KB (8388608KB), 0.025 s, sum of pauses 24.309 ms, longest pause 24.309 ms.
[memory ][Fri Jul 23 03:25:52 2021][18813] [YC#13] 412.822-412.839: YC 5526048KB->2381503KB (8388608KB), 0.017 s, sum of pauses 17.022 ms, longest pause 17.022 ms.
[memory ][Fri Jul 23 03:26:11 2021][18813] [YC#14] 431.957-431.978: YC 5532529KB->2388863KB (8388608KB), 0.020 s, sum of pauses 20.066 ms, longest pause 20.066 ms.
[memory ][Fri Jul 23 03:26:31 2021][18813] [YC#15] 451.260-451.277: YC 5538716KB->2393727KB (8388608KB), 0.016 s, sum of pauses 16.012 ms, longest pause 16.012 ms.
[memory ][Fri Jul 23 03:26:38 2021][18813] [YC#16] 458.800-458.897: YC 5561382KB->2501518KB (8388608KB), 0.097 s, sum of pauses 96.425 ms, longest pause 96.425 ms.
[memory ][Fri Jul 23 03:26:49 2021][18813] [YC#17] 469.644-469.743: YC 5804019KB->2776486KB (8388608KB), 0.099 s, sum of pauses 98.326 ms, longest pause 98.326 ms.
[memory ][Fri Jul 23 03:27:07 2021][18813] [YC#18] 487.946-487.981: YC 5927651KB->2803438KB (8388608KB), 0.034 s, sum of pauses 34.157 ms, longest pause 34.157 ms.
[memory ][Fri Jul 23 03:27:26 2021][18813] [YC#19] 506.399-506.418: YC 5952298KB->2807654KB (8388608KB), 0.019 s, sum of pauses 18.632 ms, longest pause 18.632 ms.
[memory ][Fri Jul 23 03:27:44 2021][18813] [YC#20] 524.742-524.763: YC 6039481KB->2898111KB (8388608KB), 0.021 s, sum of pauses 20.801 ms, longest pause 20.801 ms.
[memory ][Fri Jul 23 03:28:03 2021][18813] [YC#21] 543.133-543.155: YC 6051318KB->2907240KB (8388608KB), 0.022 s, sum of pauses 22.122 ms, longest pause 22.122 ms.
[memory ][Fri Jul 23 03:28:21 2021][18813] [YC#22] 561.308-561.341: YC 6059726KB->2916159KB (8388608KB), 0.033 s, sum of pauses 32.889 ms, longest pause 32.889 ms.
[memory ][Fri Jul 23 03:28:39 2021][18813] [YC#23] 579.625-579.655: YC 6066657KB->2927351KB (8388608KB), 0.029 s, sum of pauses 29.145 ms, longest pause 29.145 ms.
[memory ][Fri Jul 23 03:28:53 2021][18813] [YC#24] 593.852-593.909: YC 6076547KB->2956351KB (8388608KB), 0.057 s, sum of pauses 56.874 ms, longest pause 56.874 ms.
[memory ][Fri Jul 23 03:29:12 2021][18813] [YC#25] 612.140-612.168: YC 6109330KB->2979574KB (8388608KB), 0.028 s, sum of pauses 28.059 ms, longest pause 28.059 ms.
[memory ][Fri Jul 23 03:29:29 2021][18813] [YC#26] 629.994-630.024: YC 6128879KB->2993598KB (8388608KB), 0.031 s, sum of pauses 30.159 ms, longest pause 30.159 ms.
[memory ][Fri Jul 23 03:29:47 2021][18813] [YC#27] 647.792-647.818: YC 6147377KB->3004695KB (8388608KB), 0.026 s, sum of pauses 25.826 ms, longest pause 25.826 ms.
[memory ][Fri Jul 23 03:30:00 2021][18813] [OC#1] 660.451-660.971: OC 5170749KB->911326KB (8388608KB), 0.521 s, sum of pauses 496.982 ms, longest pause 496.982 ms.
[memory ][Fri Jul 23 03:30:04 2021][18813] [OC#2] 660.973-665.054: OC 924152KB->907958KB (8388608KB), 4.081 s, sum of pauses 4060.094 ms, longest pause 4060.094 ms.
[memory ][Fri Jul 23 03:30:29 2021][18813] [YC#28] 689.474-689.516: YC 4660706KB->1857725KB (8388608KB), 0.042 s, sum of pauses 42.114 ms, longest pause 42.114 ms.
[memory ][Fri Jul 23 03:30:46 2021][18813] [YC#29] 706.141-706.169: YC 4669058KB->1873224KB (8388608KB), 0.028 s, sum of pauses 27.523 ms, longest pause 27.523 ms.
[memory ][Fri Jul 23 03:31:01 2021][18813] [YC#30] 721.689-721.721: YC 4683318KB->1887161KB (8388608KB), 0.032 s, sum of pauses 31.673 ms, longest pause 31.673 ms.
[memory ][Fri Jul 23 03:31:17 2021][18813] [YC#31] 738.091-738.116: YC 4694057KB->1898169KB (8388608KB), 0.025 s, sum of pauses 25.146 ms, longest pause 25.146 ms.
[memory ][Fri Jul 23 03:31:33 2021][18813] [YC#32] 753.772-753.794: YC 4708879KB->1907795KB (8388608KB), 0.022 s, sum of pauses 21.527 ms, longest pause 21.527 ms.
[memory ][Fri Jul 23 03:31:49 2021][18813] [YC#33] 770.046-770.068: YC 4714905KB->1915744KB (8388608KB), 0.021 s, sum of pauses 20.947 ms, longest pause 20.947 ms.
[memory ][Fri Jul 23 03:32:05 2021][18813] [YC#34] 785.479-785.515: YC 4725884KB->1929157KB (8388608KB), 0.036 s, sum of pauses 35.924 ms, longest pause 35.924 ms.
[memory ][Fri Jul 23 03:32:20 2021][18813] [YC#35] 800.549-800.591: YC 4740459KB->1946773KB (8388608KB), 0.041 s, sum of pauses 40.816 ms, longest pause 40.816 ms.
[memory ][Fri Jul 23 03:32:36 2021][18813] [YC#36] 816.783-816.812: YC 4754406KB->1969860KB (8388608KB), 0.029 s, sum of pauses 29.177 ms, longest pause 29.177 ms.
[memory ][Fri Jul 23 03:32:53 2021][18813] [YC#37] 833.144-833.164: YC 4776972KB->1973780KB (8388608KB), 0.020 s, sum of pauses 19.983 ms, longest pause 19.983 ms.
[memory ][Fri Jul 23 03:33:08 2021][18813] [YC#38] 849.022-849.048: YC 4783509KB->1982276KB (8388608KB), 0.026 s, sum of pauses 25.922 ms, longest pause 25.922 ms.
[memory ][Fri Jul 23 03:33:25 2021][18813] [YC#39] 865.185-865.213: YC 4790115KB->1994644KB (8388608KB), 0.028 s, sum of pauses 27.884 ms, longest pause 27.884 ms.
[memory ][Fri Jul 23 03:33:41 2021][18813] [YC#40] 881.362-881.386: YC 4803371KB->2000678KB (8388608KB), 0.023 s, sum of pauses 22.892 ms, longest pause 22.892 ms.
[memory ][Fri Jul 23 03:33:56 2021][18813] [YC#41] 896.866-896.890: YC 4809821KB->2012628KB (8388608KB), 0.024 s, sum of pauses 23.687 ms, longest pause 23.687 ms.
[memory ][Fri Jul 23 03:34:12 2021][18813] [YC#42] 912.569-912.593: YC 4840519KB->2038609KB (8388608KB), 0.025 s, sum of pauses 24.388 ms, longest pause 24.388 ms.
[memory ][Fri Jul 23 03:34:27 2021][18813] [YC#43] 927.401-927.451: YC 4855400KB->2051892KB (8388608KB), 0.050 s, sum of pauses 49.724 ms, longest pause 49.724 ms.
[memory ][Fri Jul 23 03:36:27 2021][18813] [YC#44] 1047.379-1047.443: YC 5425378KB->2664139KB (8388608KB), 0.064 s, sum of pauses 63.300 ms, longest pause 63.300 ms.
[memory ][Fri Jul 23 03:39:46 2021][18813] [YC#45] 1246.955-1247.044: YC 5492486KB->2811186KB (8388608KB), 0.089 s, sum of pauses 88.805 ms, longest pause 88.805 ms.
[memory ][Fri Jul 23 03:41:34 2021][18813] [YC#46] 1354.105-1354.153: YC 5921373KB->3169234KB (8388608KB), 0.048 s, sum of pauses 46.939 ms, longest pause 46.939 ms.
[memory ][Fri Jul 23 03:43:06 2021][18813] [YC#47] 1446.628-1446.670: YC 6389201KB->3629930KB (8388608KB), 0.042 s, sum of pauses 41.326 ms, longest pause 41.326 ms.
[memory ][Fri Jul 23 03:44:24 2021][18813] [YC#48] 1524.763-1524.804: YC 6455730KB->3692668KB (8388608KB), 0.041 s, sum of pauses 40.327 ms, longest pause 40.327 ms.
[memory ][Fri Jul 23 03:45:10 2021][18813] [YC#49] 1570.359-1570.436: YC 6511434KB->3753595KB (8388608KB), 0.077 s, sum of pauses 76.085 ms, longest pause 76.085 ms.
[memory ][Fri Jul 23 03:45:32 2021][18813] [YC#50] 1592.298-1592.335: YC 6575225KB->3792971KB (8388608KB), 0.037 s, sum of pauses 36.718 ms, longest pause 36.718 ms.
[memory ][Fri Jul 23 03:46:28 2021][18813] [YC#51] 1648.770-1648.812: YC 6716330KB->3936156KB (8388608KB), 0.042 s, sum of pauses 41.917 ms, longest pause 41.917 ms.
[memory ][Fri Jul 23 03:47:37 2021][18813] [YC#52] 1717.167-1717.203: YC 6763315KB->3986641KB (8388608KB), 0.037 s, sum of pauses 36.150 ms, longest pause 36.150 ms.
[memory ][Fri Jul 23 03:48:35 2021][18813] [YC#53] 1775.956-1775.986: YC 6804685KB->4027378KB (8388608KB), 0.030 s, sum of pauses 29.569 ms, longest pause 29.569 ms.
[memory ][Fri Jul 23 03:49:26 2021][18813] [YC#54] 1826.080-1826.131: YC 6843366KB->4065680KB (8388608KB), 0.051 s, sum of pauses 50.756 ms, longest pause 50.756 ms.
[memory ][Fri Jul 23 03:50:19 2021][18813] [YC#55] 1879.900-1879.938: YC 6925173KB->4149972KB (8388608KB), 0.038 s, sum of pauses 37.160 ms, longest pause 37.160 ms.
[memory ][Fri Jul 23 03:50:42 2021][18813] [YC#56] 1903.077-1903.106: YC 7045851KB->4269985KB (8388608KB), 0.029 s, sum of pauses 28.870 ms, longest pause 28.870 ms.
[memory ][Fri Jul 23 03:51:05 2021][18813] [YC#57] 1925.981-1926.010: YC 7166173KB->4383519KB (8388608KB), 0.029 s, sum of pauses 28.799 ms, longest pause 28.799 ms.
[memory ][Fri Jul 23 03:52:00 2021][18813] [YC#58] 1980.407-1980.440: YC 7413375KB->4639807KB (8388608KB), 0.034 s, sum of pauses 33.315 ms, longest pause 33.315 ms.
[memory ][Fri Jul 23 03:52:51 2021][18813] [YC#59] 2031.227-2031.265: YC 7664351KB->4887180KB (8388608KB), 0.038 s, sum of pauses 37.742 ms, longest pause 37.742 ms.
[memory ][Fri Jul 23 03:54:00 2021][18813] [YC#60] 2100.966-2100.996: YC 7717448KB->4941019KB (8388608KB), 0.030 s, sum of pauses 29.785 ms, longest pause 29.785 ms.
[memory ][Fri Jul 23 03:55:10 2021][18813] [OC#3] 2170.034-2170.267: OC 8243042KB->970734KB (8388608KB), 0.233 s, sum of pauses 210.190 ms, longest pause 210.190 ms.
[memory ][Fri Jul 23 03:57:35 2021][18813] [YC#61] 2315.533-2315.562: YC 5064345KB->2278142KB (8388608KB), 0.029 s, sum of pauses 28.579 ms, longest pause 28.579 ms.
[memory ][Fri Jul 23 04:00:01 2021][18813] [OC#4] 2460.339-2461.143: OC 3806075KB->952610KB (8388608KB), 0.805 s, sum of pauses 782.073 ms, longest pause 782.073 ms.
[memory ][Fri Jul 23 04:00:03 2021][18813] [OC#5] 2461.145-2463.530: OC 959173KB->941723KB (8388608KB), 2.385 s, sum of pauses 2360.067 ms, longest pause 2360.067 ms.
[memory ][Fri Jul 23 04:02:21 2021][18813] [YC#62] 2601.928-2601.979: YC 4697275KB->1958505KB (8388608KB), 0.050 s, sum of pauses 49.771 ms, longest pause 49.771 ms.
[memory ][Fri Jul 23 04:02:26 2021][18813] [YC#63] 2606.886-2606.908: YC 4751641KB->1964239KB (8388608KB), 0.022 s, sum of pauses 21.933 ms, longest pause 21.933 ms.
[memory ][Fri Jul 23 04:02:31 2021][18813] [YC#64] 2611.785-2611.806: YC 4761205KB->1975129KB (8388608KB), 0.021 s, sum of pauses 20.415 ms, longest pause 20.415 ms.
[memory ][Fri Jul 23 04:02:36 2021][18813] [YC#65] 2616.686-2616.708: YC 4768222KB->1981492KB (8388608KB), 0.021 s, sum of pauses 20.847 ms, longest pause 20.847 ms.
[memory ][Fri Jul 23 04:02:41 2021][18813] [YC#66] 2621.580-2621.600: YC 4779310KB->1991814KB (8388608KB), 0.021 s, sum of pauses 20.509 ms, longest pause 20.509 ms.
[memory ][Fri Jul 23 04:02:46 2021][18813] [YC#67] 2626.448-2626.470: YC 4784690KB->1997842KB (8388608KB), 0.022 s, sum of pauses 21.081 ms, longest pause 21.081 ms.
[memory ][Fri Jul 23 04:04:57 2021][18813] [YC#68] 2758.072-2758.107: YC 4842441KB->2070216KB (8388608KB), 0.035 s, sum of pauses 34.486 ms, longest pause 34.486 ms.
[memory ][Fri Jul 23 04:07:00 2021][18813] [YC#69] 2880.310-2880.346: YC 5289867KB->2526975KB (8388608KB), 0.035 s, sum of pauses 35.233 ms, longest pause 35.233 ms.
[memory ][Fri Jul 23 04:09:49 2021][18813] [YC#70] 3049.797-3049.829: YC 5522304KB->2758409KB (8388608KB), 0.032 s, sum of pauses 31.154 ms, longest pause 31.154 ms.
[memory ][Fri Jul 23 04:10:16 2021][18813] [YC#71] 3076.630-3076.673: YC 5552442KB->2790241KB (8388608KB), 0.044 s, sum of pauses 43.249 ms, longest pause 43.249 ms.
[memory ][Fri Jul 23 04:12:00 2021][18813] [YC#72] 3180.491-3180.562: YC 5738428KB->2961869KB (8388608KB), 0.071 s, sum of pauses 70.381 ms, longest pause 70.381 ms.
[memory ][Fri Jul 23 04:15:11 2021][18813] [YC#73] 3371.294-3371.348: YC 5779267KB->3043780KB (8388608KB), 0.054 s, sum of pauses 53.537 ms, longest pause 53.537 ms.
[memory ][Fri Jul 23 04:16:00 2021][18813] [YC#74] 3420.662-3420.694: YC 5853890KB->3079410KB (8388608KB), 0.032 s, sum of pauses 32.017 ms, longest pause 32.017 ms.
[memory ][Fri Jul 23 04:17:33 2021][18813] [YC#75] 3513.573-3513.610: YC 5877892KB->3116298KB (8388608KB), 0.037 s, sum of pauses 36.805 ms, longest pause 36.805 ms.
[memory ][Fri Jul 23 04:19:59 2021][18813] [YC#76] 3660.034-3660.068: YC 6045643KB->3286037KB (8388608KB), 0.034 s, sum of pauses 34.038 ms, longest pause 34.038 ms.
[memory ][Fri Jul 23 04:20:23 2021][18813] [YC#77] 3684.060-3684.097: YC 6162544KB->3395669KB (8388608KB), 0.036 s, sum of pauses 35.872 ms, longest pause 35.872 ms.
[memory ][Fri Jul 23 04:25:00 2021][18813] [YC#78] 3960.833-3960.864: YC 6270395KB->3497519KB (8388608KB), 0.031 s, sum of pauses 30.835 ms, longest pause 30.835 ms.
[memory ][Fri Jul 23 04:28:50 2021][18813] [OC#6] 4190.493-4190.767: OC 7291507KB->999004KB (8388608KB), 0.274 s, sum of pauses 249.734 ms, longest pause 249.734 ms.
[memory ][Fri Jul 23 04:30:00 2021][18813] [OC#7] 4260.261-4260.942: OC 1272433KB->963332KB (8388608KB), 0.681 s, sum of pauses 634.396 ms, longest pause 634.396 ms.
[memory ][Fri Jul 23 04:30:04 2021][18813] [OC#8] 4260.944-4264.969: OC 966400KB->940869KB (8388608KB), 4.026 s, sum of pauses 4004.447 ms, longest pause 4004.447 ms.
[memory ][Fri Jul 23 04:32:20 2021][18813] [YC#79] 4400.656-4400.688: YC 4681777KB->1906379KB (8388608KB), 0.032 s, sum of pauses 31.764 ms, longest pause 31.764 ms.
[memory ][Fri Jul 23 04:32:25 2021][18813] [YC#80] 4405.658-4405.681: YC 4696205KB->1912289KB (8388608KB), 0.023 s, sum of pauses 22.593 ms, longest pause 22.593 ms.
[memory ][Fri Jul 23 04:32:30 2021][18813] [YC#81] 4410.528-4410.554: YC 4712618KB->1928657KB (8388608KB), 0.026 s, sum of pauses 25.550 ms, longest pause 25.550 ms.
[memory ][Fri Jul 23 04:32:35 2021][18813] [YC#82] 4415.523-4415.547: YC 4719106KB->1938413KB (8388608KB), 0.023 s, sum of pauses 23.084 ms, longest pause 23.084 ms.
[memory ][Fri Jul 23 04:32:40 2021][18813] [YC#83] 4420.458-4420.480: YC 4733211KB->1949685KB (8388608KB), 0.022 s, sum of pauses 21.734 ms, longest pause 21.734 ms.
[memory ][Fri Jul 23 04:32:45 2021][18813] [YC#84] 4425.442-4425.466: YC 4740247KB->1956295KB (8388608KB), 0.024 s, sum of pauses 23.485 ms, longest pause 23.485 ms.
[memory ][Fri Jul 23 04:33:29 2021][18813] [YC#85] 4469.367-4469.392: YC 4812949KB->2029699KB (8388608KB), 0.025 s, sum of pauses 24.875 ms, longest pause 24.875 ms.
[memory ][Fri Jul 23 04:40:00 2021][18813] [YC#86] 4860.389-4860.551: YC 4866756KB->2107029KB (8388608KB), 0.163 s, sum of pauses 162.577 ms, longest pause 162.577 ms.
[memory ][Fri Jul 23 04:44:00 2021][18813] [YC#87] 5100.310-5100.350: YC 4921229KB->2155457KB (8388608KB), 0.040 s, sum of pauses 39.401 ms, longest pause 39.401 ms.
[memory ][Fri Jul 23 04:47:34 2021][18813] [YC#88] 5314.491-5314.530: YC 4954845KB->2205977KB (8388608KB), 0.040 s, sum of pauses 38.896 ms, longest pause 38.896 ms.
[memory ][Fri Jul 23 04:53:00 2021][18813] [YC#89] 5640.750-5640.784: YC 5958379KB->3189069KB (8388608KB), 0.034 s, sum of pauses 33.600 ms, longest pause 33.600 ms.
[memory ][Fri Jul 23 05:00:00 2021][18813] [OC#9] 6060.199-6061.020: OC 6005092KB->978824KB (8388608KB), 0.821 s, sum of pauses 794.816 ms, longest pause 794.816 ms.
[memory ][Fri Jul 23 05:00:04 2021][18813] [OC#10] 6061.021-6064.423: OC 994932KB->955308KB (8388608KB), 3.402 s, sum of pauses 3379.046 ms, longest pause 3379.046 ms.
[memory ][Fri Jul 23 05:03:10 2021][18813] [YC#90] 6250.508-6250.551: YC 4700931KB->1971690KB (8388608KB), 0.044 s, sum of pauses 43.231 ms, longest pause 43.231 ms.
[memory ][Fri Jul 23 05:06:00 2021][18813] [YC#91] 6420.518-6420.553: YC 4792693KB->2042535KB (8388608KB), 0.034 s, sum of pauses 33.918 ms, longest pause 33.918 ms.
[memory ][Fri Jul 23 05:09:15 2021][18813] [YC#92] 6615.752-6615.782: YC 4845831KB->2088330KB (8388608KB), 0.030 s, sum of pauses 30.001 ms, longest pause 30.001 ms.
[memory ][Fri Jul 23 05:11:02 2021][18813] [YC#93] 6722.896-6722.933: YC 4890249KB->2129149KB (8388608KB), 0.037 s, sum of pauses 36.356 ms, longest pause 36.356 ms.
[memory ][Fri Jul 23 05:15:14 2021][18813] [YC#94] 6974.833-6974.875: YC 4932635KB->2185356KB (8388608KB), 0.041 s, sum of pauses 40.826 ms, longest pause 40.826 ms.
[memory ][Fri Jul 23 05:18:00 2021][18813] [YC#95] 7140.823-7140.854: YC 4987046KB->2224141KB (8388608KB), 0.032 s, sum of pauses 31.305 ms, longest pause 31.305 ms.
[memory ][Fri Jul 23 05:19:58 2021][18813] [YC#96] 7258.592-7258.624: YC 5012867KB->2261947KB (8388608KB), 0.031 s, sum of pauses 30.879 ms, longest pause 30.879 ms.
[memory ][Fri Jul 23 05:21:17 2021][18813] [YC#97] 7337.896-7337.930: YC 5052360KB->2297252KB (8388608KB), 0.034 s, sum of pauses 34.155 ms, longest pause 34.155 ms.
[memory ][Fri Jul 23 05:22:42 2021][18813] [YC#98] 7423.035-7423.068: YC 5088789KB->2331005KB (8388608KB), 0.033 s, sum of pauses 32.303 ms, longest pause 32.303 ms.
[memory ][Fri Jul 23 05:24:00 2021][18813] [YC#99] 7500.949-7500.983: YC 5117991KB->2363476KB (8388608KB), 0.033 s, sum of pauses 32.784 ms, longest pause 32.784 ms.
[memory ][Fri Jul 23 05:25:16 2021][18813] [YC#100] 7576.624-7576.655: YC 5149124KB->2389474KB (8388608KB), 0.031 s, sum of pauses 30.197 ms, longest pause 30.197 ms.
[memory ][Fri Jul 23 05:26:46 2021][18813] [YC#101] 7666.364-7666.396: YC 5176205KB->2412796KB (8388608KB), 0.032 s, sum of pauses 31.921 ms, longest pause 31.921 ms.
[memory ][Fri Jul 23 05:28:15 2021][18813] [YC#102] 7755.781-7755.808: YC 5199495KB->2437576KB (8388608KB), 0.027 s, sum of pauses 26.444 ms, longest pause 26.444 ms.
[memory ][Fri Jul 23 05:29:58 2021][18813] [YC#103] 7858.237-7858.264: YC 5235358KB->2470248KB (8388608KB), 0.027 s, sum of pauses 26.934 ms, longest pause 26.934 ms.
[memory ][Fri Jul 23 05:30:01 2021][18813] [OC#11] 7860.197-7861.630: OC 2578924KB->970025KB (8388608KB), 1.432 s, sum of pauses 1401.860 ms, longest pause 1401.860 ms.
[memory ][Fri Jul 23 05:30:05 2021][18813] [OC#12] 7861.630-7865.819: OC 1035135KB->954889KB (8388608KB), 4.189 s, sum of pauses 4163.397 ms, longest pause 4163.397 ms.
[memory ][Fri Jul 23 05:32:33 2021][18813] [YC#104] 8014.058-8014.087: YC 4688939KB->1923964KB (8388608KB), 0.029 s, sum of pauses 28.649 ms, longest pause 28.649 ms.
[memory ][Fri Jul 23 05:34:26 2021][18813] [YC#105] 8126.858-8126.886: YC 4713811KB->1945868KB (8388608KB), 0.028 s, sum of pauses 27.453 ms, longest pause 27.453 ms.
[memory ][Fri Jul 23 05:37:33 2021][18813] [YC#106] 8313.889-8313.917: YC 4757775KB->1989873KB (8388608KB), 0.028 s, sum of pauses 27.961 ms, longest pause 27.961 ms.
[memory ][Fri Jul 23 05:49:00 2021][18813] [YC#107] 9000.463-9000.493: YC 4824873KB->2053867KB (8388608KB), 0.030 s, sum of pauses 30.125 ms, longest pause 30.125 ms.
[memory ][Fri Jul 23 05:58:11 2021][18813] [YC#108] 9551.233-9551.265: YC 4966226KB->2197925KB (8388608KB), 0.033 s, sum of pauses 32.246 ms, longest pause 32.246 ms.
[memory ][Fri Jul 23 06:00:01 2021][18813] [OC#13] 9660.238-9661.494: OC 2779074KB->936329KB (8388608KB), 1.256 s, sum of pauses 1227.925 ms, longest pause 1227.925 ms.
[memory ][Fri Jul 23 06:00:05 2021][18813] [OC#14] 9661.494-9665.381: OC 960511KB->923885KB (8388608KB), 3.887 s, sum of pauses 3861.028 ms, longest pause 3861.028 ms.
[memory ][Fri Jul 23 06:03:09 2021][18813] [YC#109] 9849.307-9849.350: YC 5730551KB->2974007KB (8388608KB), 0.044 s, sum of pauses 43.169 ms, longest pause 43.169 ms.
[memory ][Fri Jul 23 06:05:30 2021][18813] [YC#110] 9991.022-9991.057: YC 5785974KB->3015515KB (8388608KB), 0.035 s, sum of pauses 34.876 ms, longest pause 34.876 ms.
[memory ][Fri Jul 23 06:09:00 2021][18813] [YC#111] 10200.220-10200.251: YC 5941994KB->3165428KB (8388608KB), 0.031 s, sum of pauses 31.220 ms, longest pause 31.220 ms.
[memory ][Fri Jul 23 06:10:11 2021][18813] [YC#112] 10271.282-10271.324: YC 5971610KB->3206918KB (8388608KB), 0.042 s, sum of pauses 41.827 ms, longest pause 41.827 ms.
[memory ][Fri Jul 23 06:14:00 2021][18813] [YC#113] 10500.820-10500.853: YC 6043877KB->3268402KB (8388608KB), 0.033 s, sum of pauses 32.817 ms, longest pause 32.817 ms.
[memory ][Fri Jul 23 06:16:37 2021][18813] [YC#114] 10657.775-10657.810: YC 6464933KB->3698252KB (8388608KB), 0.035 s, sum of pauses 34.623 ms, longest pause 34.623 ms.
[memory ][Fri Jul 23 06:19:38 2021][18813] [YC#115] 10838.124-10838.159: YC 6829472KB->4052031KB (8388608KB), 0.036 s, sum of pauses 35.251 ms, longest pause 35.251 ms.
[memory ][Fri Jul 23 06:21:10 2021][18813] [YC#116] 10930.901-10930.946: YC 7146967KB->4368863KB (8388608KB), 0.045 s, sum of pauses 44.174 ms, longest pause 44.174 ms.
[memory ][Fri Jul 23 06:21:24 2021][18813] [YC#117] 10944.464-10944.520: YC 7215334KB->4464971KB (8388608KB), 0.055 s, sum of pauses 54.924 ms, longest pause 54.924 ms.
[memory ][Fri Jul 23 06:21:39 2021][18813] [YC#118] 10960.004-10960.029: YC 7345986KB->4555529KB (8388608KB), 0.025 s, sum of pauses 24.735 ms, longest pause 24.735 ms.
[memory ][Fri Jul 23 06:21:55 2021][18813] [YC#119] 10975.216-10975.240: YC 7410386KB->4623041KB (8388608KB), 0.024 s, sum of pauses 24.096 ms, longest pause 24.096 ms.
[memory ][Fri Jul 23 06:22:09 2021][18813] [YC#120] 10989.299-10989.322: YC 7451956KB->4662556KB (8388608KB), 0.023 s, sum of pauses 22.478 ms, longest pause 22.478 ms.
[memory ][Fri Jul 23 06:22:24 2021][18813] [YC#121] 11004.625-11004.656: YC 7471664KB->4677963KB (8388608KB), 0.031 s, sum of pauses 30.568 ms, longest pause 30.568 ms.
[memory ][Fri Jul 23 06:28:00 2021][18813] [YC#122] 11340.400-11340.439: YC 7610963KB->4832723KB (8388608KB), 0.039 s, sum of pauses 38.538 ms, longest pause 38.538 ms.
[memory ][Fri Jul 23 06:30:01 2021][18813] [OC#15] 11460.308-11461.404: OC 6633188KB->936754KB (8388608KB), 1.096 s, sum of pauses 1067.434 ms, longest pause 1067.434 ms.
[memory ][Fri Jul 23 06:30:05 2021][18813] [OC#16] 11461.404-11465.174: OC 948901KB->912239KB (8388608KB), 3.770 s, sum of pauses 3737.894 ms, longest pause 3737.894 ms.
[memory ][Fri Jul 23 06:32:22 2021][18813] [YC#123] 11602.744-11602.768: YC 4663704KB->1874983KB (8388608KB), 0.024 s, sum of pauses 23.900 ms, longest pause 23.900 ms.
[memory ][Fri Jul 23 06:32:27 2021][18813] [YC#124] 11607.671-11607.692: YC 4674173KB->1880370KB (8388608KB), 0.022 s, sum of pauses 21.303 ms, longest pause 21.303 ms.
[memory ][Fri Jul 23 06:32:32 2021][18813] [YC#125] 11612.678-11612.699: YC 4683481KB->1889841KB (8388608KB), 0.021 s, sum of pauses 20.996 ms, longest pause 20.996 ms.
[memory ][Fri Jul 23 06:32:37 2021][18813] [YC#126] 11617.555-11617.578: YC 4689288KB->1895392KB (8388608KB), 0.023 s, sum of pauses 23.141 ms, longest pause 23.141 ms.
[memory ][Fri Jul 23 06:32:42 2021][18813] [YC#127] 11622.493-11622.516: YC 4694346KB->1900914KB (8388608KB), 0.023 s, sum of pauses 22.534 ms, longest pause 22.534 ms.
[memory ][Fri Jul 23 06:32:47 2021][18813] [YC#128] 11628.060-11628.082: YC 4733946KB->1940128KB (8388608KB), 0.022 s, sum of pauses 21.597 ms, longest pause 21.597 ms.
[memory ][Fri Jul 23 06:37:42 2021][18813] [YC#129] 11922.857-11922.911: YC 4772873KB->1986950KB (8388608KB), 0.053 s, sum of pauses 52.850 ms, longest pause 52.850 ms.
[memory ][Fri Jul 23 06:44:00 2021][18813] [YC#130] 12300.247-12300.289: YC 4815994KB->2061894KB (8388608KB), 0.042 s, sum of pauses 42.097 ms, longest pause 42.097 ms.
[memory ][Fri Jul 23 06:52:00 2021][18813] [YC#131] 12780.679-12780.727: YC 4897234KB->2127688KB (8388608KB), 0.047 s, sum of pauses 47.020 ms, longest pause 47.020 ms.
[memory ][Fri Jul 23 07:00:00 2021][18813] [OC#17] 13260.192-13261.084: OC 4777130KB->937659KB (8388608KB), 0.893 s, sum of pauses 861.128 ms, longest pause 861.128 ms.
[memory ][Fri Jul 23 07:00:04 2021][18813] [OC#18] 13261.085-13264.307: OC 953504KB->912599KB (8388608KB), 3.222 s, sum of pauses 3190.568 ms, longest pause 3190.568 ms.
[memory ][Fri Jul 23 07:02:21 2021][18813] [YC#132] 13402.042-13402.072: YC 4663014KB->1888178KB (8388608KB), 0.030 s, sum of pauses 29.581 ms, longest pause 29.581 ms.
[memory ][Fri Jul 23 07:02:26 2021][18813] [YC#133] 13407.030-13407.053: YC 4689148KB->1895367KB (8388608KB), 0.023 s, sum of pauses 22.142 ms, longest pause 22.142 ms.
[memory ][Fri Jul 23 07:02:31 2021][18813] [YC#134] 13412.021-13412.041: YC 4695200KB->1901406KB (8388608KB), 0.021 s, sum of pauses 20.434 ms, longest pause 20.434 ms.
[memory ][Fri Jul 23 07:02:36 2021][18813] [YC#135] 13417.035-13417.057: YC 4701900KB->1908093KB (8388608KB), 0.022 s, sum of pauses 21.451 ms, longest pause 21.451 ms.
[memory ][Fri Jul 23 07:02:41 2021][18813] [YC#136] 13422.097-13422.119: YC 4707297KB->1913506KB (8388608KB), 0.022 s, sum of pauses 22.108 ms, longest pause 22.108 ms.
[memory ][Fri Jul 23 07:02:47 2021][18813] [YC#137] 13427.354-13427.375: YC 4732227KB->1939031KB (8388608KB), 0.021 s, sum of pauses 20.912 ms, longest pause 20.912 ms.
[memory ][Fri Jul 23 07:06:31 2021][18813] [YC#138] 13651.362-13651.475: YC 4782344KB->2021355KB (8388608KB), 0.113 s, sum of pauses 112.219 ms, longest pause 112.219 ms.
[memory ][Fri Jul 23 07:11:00 2021][18813] [YC#139] 13920.280-13920.325: YC 4838678KB->2084107KB (8388608KB), 0.045 s, sum of pauses 45.000 ms, longest pause 45.000 ms.
[memory ][Fri Jul 23 07:12:00 2021][18813] [YC#140] 13980.185-13980.237: YC 5348356KB->2601949KB (8388608KB), 0.053 s, sum of pauses 51.952 ms, longest pause 51.952 ms.
[memory ][Fri Jul 23 07:17:47 2021][18813] [YC#141] 14327.753-14327.795: YC 5461642KB->2710696KB (8388608KB), 0.043 s, sum of pauses 42.431 ms, longest pause 42.431 ms.
[memory ][Fri Jul 23 07:24:45 2021][18813] [YC#142] 14745.406-14745.444: YC 5568439KB->2798823KB (8388608KB), 0.038 s, sum of pauses 37.703 ms, longest pause 37.703 ms.
[memory ][Fri Jul 23 07:29:00 2021][18813] [YC#143] 15000.478-15000.516: YC 5649979KB->2885665KB (8388608KB), 0.039 s, sum of pauses 38.431 ms, longest pause 38.431 ms.
[memory ][Fri Jul 23 07:30:01 2021][18813] [OC#19] 15060.389-15061.217: OC 3332505KB->973661KB (8388608KB), 0.827 s, sum of pauses 794.828 ms, longest pause 794.828 ms.
[memory ][Fri Jul 23 07:30:04 2021][18813] [OC#20] 15061.218-15064.728: OC 981111KB->958221KB (8388608KB), 3.511 s, sum of pauses 3479.480 ms, longest pause 3479.480 ms.
[memory ][Fri Jul 23 07:32:21 2021][18813] [YC#144] 15201.752-15201.784: YC 4858986KB->2102438KB (8388608KB), 0.031 s, sum of pauses 31.022 ms, longest pause 31.022 ms.
[memory ][Fri Jul 23 07:32:26 2021][18813] [YC#145] 15206.679-15206.702: YC 4886309KB->2107505KB (8388608KB), 0.023 s, sum of pauses 22.380 ms, longest pause 22.380 ms.
[memory ][Fri Jul 23 07:32:31 2021][18813] [YC#146] 15211.594-15211.615: YC 4891062KB->2112527KB (8388608KB), 0.020 s, sum of pauses 20.038 ms, longest pause 20.038 ms.
[memory ][Fri Jul 23 07:32:36 2021][18813] [YC#147] 15216.483-15216.504: YC 4896639KB->2117633KB (8388608KB), 0.021 s, sum of pauses 20.586 ms, longest pause 20.586 ms.
[memory ][Fri Jul 23 07:32:41 2021][18813] [YC#148] 15221.299-15221.322: YC 4901109KB->2122527KB (8388608KB), 0.023 s, sum of pauses 22.598 ms, longest pause 22.598 ms.
[memory ][Fri Jul 23 07:32:46 2021][18813] [YC#149] 15226.206-15226.227: YC 4906699KB->2127924KB (8388608KB), 0.021 s, sum of pauses 20.459 ms, longest pause 20.459 ms.
[memory ][Fri Jul 23 07:36:44 2021][18813] [YC#150] 15464.335-15464.374: YC 5074291KB->2306787KB (8388608KB), 0.039 s, sum of pauses 38.258 ms, longest pause 38.258 ms.
[memory ][Fri Jul 23 07:37:01 2021][18813] [YC#151] 15481.286-15481.328: YC 5656921KB->2910101KB (8388608KB), 0.042 s, sum of pauses 41.349 ms, longest pause 41.349 ms.
[memory ][Fri Jul 23 07:39:53 2021][18813] [YC#152] 15653.930-15653.966: YC 5971499KB->3220654KB (8388608KB), 0.036 s, sum of pauses 35.929 ms, longest pause 35.929 ms.
[memory ][Fri Jul 23 07:46:00 2021][18813] [YC#153] 16020.690-16020.736: YC 6126939KB->3389104KB (8388608KB), 0.046 s, sum of pauses 45.296 ms, longest pause 45.296 ms.
[memory ][Fri Jul 23 07:49:51 2021][18813] [YC#154] 16251.404-16251.442: YC 6259222KB->3500575KB (8388608KB), 0.038 s, sum of pauses 37.747 ms, longest pause 37.747 ms.
[memory ][Fri Jul 23 07:54:50 2021][18813] [YC#155] 16550.583-16550.638: YC 6336453KB->3594228KB (8388608KB), 0.055 s, sum of pauses 54.664 ms, longest pause 54.664 ms.
[memory ][Fri Jul 23 07:58:30 2021][18813] [YC#156] 16770.845-16770.887: YC 6397943KB->3660100KB (8388608KB), 0.042 s, sum of pauses 41.957 ms, longest pause 41.957 ms.
[memory ][Fri Jul 23 08:00:01 2021][18813] [OC#21] 16860.308-16861.178: OC 4836744KB->1000022KB (8388608KB), 0.870 s, sum of pauses 838.508 ms, longest pause 838.508 ms.
[memory ][Fri Jul 23 08:00:05 2021][18813] [OC#22] 16861.180-16865.325: OC 1003494KB->976102KB (8388608KB), 4.146 s, sum of pauses 4115.148 ms, longest pause 4115.148 ms.
[memory ][Fri Jul 23 08:02:21 2021][18813] [YC#157] 17002.071-17002.112: YC 4717409KB->1997523KB (8388608KB), 0.041 s, sum of pauses 40.758 ms, longest pause 40.758 ms.
[memory ][Fri Jul 23 08:02:26 2021][18813] [YC#158] 17006.928-17006.950: YC 4771480KB->2008140KB (8388608KB), 0.022 s, sum of pauses 22.002 ms, longest pause 22.002 ms.
[memory ][Fri Jul 23 08:02:31 2021][18813] [YC#159] 17011.639-17011.661: YC 4790779KB->2023719KB (8388608KB), 0.022 s, sum of pauses 21.558 ms, longest pause 21.558 ms.
[memory ][Fri Jul 23 08:02:36 2021][18813] [YC#160] 17016.506-17016.527: YC 4798075KB->2030989KB (8388608KB), 0.021 s, sum of pauses 20.448 ms, longest pause 20.448 ms.
[memory ][Fri Jul 23 08:02:41 2021][18813] [YC#161] 17021.384-17021.405: YC 4813230KB->2045721KB (8388608KB), 0.021 s, sum of pauses 20.778 ms, longest pause 20.778 ms.
[memory ][Fri Jul 23 08:02:46 2021][18813] [YC#162] 17026.247-17026.266: YC 4820233KB->2052710KB (8388608KB), 0.020 s, sum of pauses 19.633 ms, longest pause 19.633 ms.
[memory ][Fri Jul 23 08:05:12 2021][18813] [YC#163] 17172.765-17172.800: YC 4912077KB->2158220KB (8388608KB), 0.035 s, sum of pauses 34.457 ms, longest pause 34.457 ms.
[memory ][Fri Jul 23 08:05:50 2021][18813] [YC#164] 17210.123-17210.239: YC 5385386KB->2715277KB (8388608KB), 0.115 s, sum of pauses 114.958 ms, longest pause 114.958 ms.
[memory ][Fri Jul 23 08:05:52 2021][18813] [YC#165] 17212.644-17212.689: YC 5972839KB->3249959KB (8388608KB), 0.046 s, sum of pauses 45.059 ms, longest pause 45.059 ms.
[memory ][Fri Jul 23 08:05:54 2021][18813] [YC#166] 17215.095-17215.123: YC 6686275KB->3938641KB (8388608KB), 0.028 s, sum of pauses 27.023 ms, longest pause 27.023 ms.
[memory ][Fri Jul 23 08:05:59 2021][18813] [YC#167] 17219.670-17219.698: YC 7425500KB->4677157KB (8388608KB), 0.029 s, sum of pauses 28.262 ms, longest pause 28.262 ms.
[memory ][Fri Jul 23 08:06:04 2021][18813] [OC#23] 17224.489-17224.944: OC 7810293KB->1095160KB (8388608KB), 0.455 s, sum of pauses 242.956 ms, longest pause 242.956 ms.
[memory ][Fri Jul 23 08:06:09 2021][18813] [YC#168] 17229.421-17229.456: YC 5729581KB->2972674KB (8388608KB), 0.035 s, sum of pauses 34.744 ms, longest pause 34.744 ms.
[memory ][Fri Jul 23 08:06:13 2021][18813] [YC#169] 17233.520-17233.547: YC 6473373KB->3713194KB (8388608KB), 0.028 s, sum of pauses 27.128 ms, longest pause 27.128 ms.
[memory ][Fri Jul 23 08:07:48 2021][18813] [YC#170] 17328.986-17329.025: YC 6723545KB->3974077KB (8388608KB), 0.039 s, sum of pauses 38.597 ms, longest pause 38.597 ms.
[memory ][Fri Jul 23 08:08:13 2021][18813] [OC#24] 17353.304-17353.586: OC 4399336KB->1087157KB (8388608KB), 0.282 s, sum of pauses 250.398 ms, longest pause 250.398 ms.
[memory ][Fri Jul 23 08:12:30 2021][18813] [YC#171] 17610.150-17610.200: YC 4907408KB->2209265KB (8388608KB), 0.050 s, sum of pauses 49.155 ms, longest pause 49.155 ms.
[memory ][Fri Jul 23 08:14:39 2021][18813] [YC#172] 17739.448-17739.524: YC 5116813KB->2417429KB (8388608KB), 0.075 s, sum of pauses 74.735 ms, longest pause 74.735 ms.
[memory ][Fri Jul 23 08:14:55 2021][18813] [YC#173] 17755.776-17755.815: YC 5167739KB->2459448KB (8388608KB), 0.039 s, sum of pauses 38.149 ms, longest pause 38.149 ms.
[memory ][Fri Jul 23 08:15:31 2021][18813] [YC#174] 17792.027-17792.060: YC 5237569KB->2523811KB (8388608KB), 0.033 s, sum of pauses 33.006 ms, longest pause 33.006 ms.
[memory ][Fri Jul 23 08:17:00 2021][18813] [YC#175] 17880.664-17880.708: YC 5346369KB->2640111KB (8388608KB), 0.044 s, sum of pauses 43.921 ms, longest pause 43.921 ms.
[memory ][Fri Jul 23 08:20:15 2021][18813] [YC#176] 18075.429-18075.477: YC 5564560KB->2880135KB (8388608KB), 0.048 s, sum of pauses 47.061 ms, longest pause 47.061 ms.
[memory ][Fri Jul 23 08:22:31 2021][18813] [YC#177] 18212.024-18212.076: YC 6238078KB->3547003KB (8388608KB), 0.052 s, sum of pauses 51.068 ms, longest pause 51.068 ms.
[memory ][Fri Jul 23 08:25:00 2021][18813] [YC#178] 18360.626-18360.665: YC 7182673KB->4479168KB (8388608KB), 0.040 s, sum of pauses 39.057 ms, longest pause 39.057 ms.
[memory ][Fri Jul 23 08:26:18 2021][18813] [OC#25] 18438.417-18438.738: OC 7368254KB->1121054KB (8388608KB), 0.320 s, sum of pauses 285.474 ms, longest pause 285.474 ms.
[memory ][Fri Jul 23 08:29:45 2021][18813] [YC#179] 18645.921-18645.968: YC 5994049KB->3302245KB (8388608KB), 0.047 s, sum of pauses 46.272 ms, longest pause 46.272 ms.
[memory ][Fri Jul 23 08:30:01 2021][18813] [OC#26] 18660.197-18662.085: OC 3628537KB->1108580KB (8388608KB), 1.888 s, sum of pauses 1855.517 ms, longest pause 1855.517 ms.
[memory ][Fri Jul 23 08:30:06 2021][18813] [OC#27] 18662.085-18666.785: OC 1147637KB->1097611KB (8388608KB), 4.700 s, sum of pauses 4656.901 ms, longest pause 4656.901 ms.
[memory ][Fri Jul 23 08:31:59 2021][18813] [YC#180] 18779.298-18779.366: YC 5441009KB->2743288KB (8388608KB), 0.068 s, sum of pauses 66.980 ms, longest pause 66.980 ms.
[memory ][Fri Jul 23 08:32:02 2021][18813] [YC#181] 18782.535-18782.593: YC 7647018KB->4953497KB (8388608KB), 0.058 s, sum of pauses 49.368 ms, longest pause 49.368 ms.
[memory ][Fri Jul 23 08:32:03 2021][18813] [OC#28] 18782.902-18783.536: OC 5647081KB->1143291KB (8388608KB), 0.634 s, sum of pauses 540.748 ms, longest pause 540.748 ms.
[memory ][Fri Jul 23 08:32:17 2021][18813] [YC#182] 18797.757-18797.785: YC 4505640KB->3149249KB (8388608KB), 0.028 s, sum of pauses 27.497 ms, longest pause 27.497 ms.
[memory ][Fri Jul 23 08:33:03 2021][18813] [YC#183] 18843.264-18843.310: YC 4928923KB->3583811KB (8388608KB), 0.046 s, sum of pauses 45.117 ms, longest pause 45.117 ms.
[memory ][Fri Jul 23 08:34:00 2021][18813] [YC#184] 18900.547-18900.592: YC 5311223KB->3964975KB (8388608KB), 0.045 s, sum of pauses 44.269 ms, longest pause 44.269 ms.
[memory ][Fri Jul 23 08:34:50 2021][18813] [YC#185] 18950.647-18950.685: YC 5755456KB->4426712KB (8388608KB), 0.038 s, sum of pauses 38.070 ms, longest pause 38.070 ms.
[memory ][Fri Jul 23 08:35:22 2021][18813] [OC#29] 18981.990-18982.676: OC 5486901KB->1130953KB (8388608KB), 0.686 s, sum of pauses 651.731 ms, longest pause 651.731 ms.
[memory ][Fri Jul 23 08:36:12 2021][18813] [YC#186] 19032.292-19032.326: YC 3282284KB->1935842KB (8388608KB), 0.034 s, sum of pauses 33.702 ms, longest pause 33.702 ms.
[memory ][Fri Jul 23 08:36:17 2021][18813] [YC#187] 19037.796-19037.862: YC 3383512KB->2065247KB (8388608KB), 0.066 s, sum of pauses 64.996 ms, longest pause 64.996 ms.
[memory ][Fri Jul 23 08:36:25 2021][18813] [YC#188] 19045.748-19045.804: YC 3770114KB->2470561KB (8388608KB), 0.056 s, sum of pauses 48.812 ms, longest pause 48.812 ms.
[memory ][Fri Jul 23 08:36:31 2021][18813] [YC#189] 19052.035-19052.073: YC 4105403KB->2761525KB (8388608KB), 0.038 s, sum of pauses 36.938 ms, longest pause 36.938 ms.
[memory ][Fri Jul 23 08:36:39 2021][18813] [YC#190] 19059.729-19059.758: YC 4366230KB->3024928KB (8388608KB), 0.029 s, sum of pauses 28.855 ms, longest pause 28.855 ms.
[memory ][Fri Jul 23 08:36:49 2021][18813] [YC#191] 19069.773-19069.802: YC 4711882KB->3365863KB (8388608KB), 0.029 s, sum of pauses 27.580 ms, longest pause 27.580 ms.
[memory ][Fri Jul 23 08:36:57 2021][18813] [YC#192] 19077.783-19077.808: YC 5003865KB->3656211KB (8388608KB), 0.026 s, sum of pauses 25.123 ms, longest pause 25.123 ms.
[memory ][Fri Jul 23 08:37:19 2021][18813] [YC#193] 19099.802-19099.832: YC 5400073KB->4055567KB (8388608KB), 0.030 s, sum of pauses 28.997 ms, longest pause 28.997 ms.
[memory ][Fri Jul 23 08:37:35 2021][18813] [YC#194] 19116.047-19116.087: YC 5761127KB->4420578KB (8388608KB), 0.040 s, sum of pauses 39.188 ms, longest pause 39.188 ms.
[memory ][Fri Jul 23 08:37:42 2021][18813] [YC#195] 19122.792-19122.822: YC 6127337KB->4788011KB (8388608KB), 0.030 s, sum of pauses 29.533 ms, longest pause 29.533 ms.
[memory ][Fri Jul 23 08:37:49 2021][18813] [YC#196] 19129.830-19129.856: YC 6505612KB->5159728KB (8388608KB), 0.026 s, sum of pauses 25.884 ms, longest pause 25.884 ms.
[memory ][Fri Jul 23 08:37:56 2021][18813] [YC#197] 19136.853-19136.880: YC 6861709KB->5515332KB (8388608KB), 0.026 s, sum of pauses 25.726 ms, longest pause 25.726 ms.
[memory ][Fri Jul 23 08:38:04 2021][18813] [OC#30] 19143.808-19145.012: OC 7050912KB->1151153KB (8388608KB), 1.203 s, sum of pauses 1116.998 ms, longest pause 1116.998 ms.
[memory ][Fri Jul 23 08:38:15 2021][18813] [YC#198] 19155.207-19155.250: YC 5643944KB->2947247KB (8388608KB), 0.043 s, sum of pauses 37.229 ms, longest pause 37.229 ms.
[memory ][Fri Jul 23 08:38:23 2021][18813] [YC#199] 19163.266-19163.302: YC 6330524KB->3628679KB (8388608KB), 0.036 s, sum of pauses 35.019 ms, longest pause 35.019 ms.
[memory ][Fri Jul 23 08:38:31 2021][18813] [YC#200] 19171.448-19171.483: YC 6987206KB->4285384KB (8388608KB), 0.034 s, sum of pauses 33.698 ms, longest pause 33.698 ms.
[memory ][Fri Jul 23 08:38:55 2021][18813] [YC#201] 19195.098-19195.132: YC 7408161KB->4715381KB (8388608KB), 0.035 s, sum of pauses 34.058 ms, longest pause 34.058 ms.
[memory ][Fri Jul 23 08:39:04 2021][18813] [OC#31] 19204.028-19204.311: OC 5225321KB->1156430KB (8388608KB), 0.283 s, sum of pauses 250.898 ms, longest pause 250.898 ms.
[memory ][Fri Jul 23 08:40:32 2021][18813] [YC#202] 19292.524-19292.571: YC 5353473KB->2676664KB (8388608KB), 0.047 s, sum of pauses 45.023 ms, longest pause 45.023 ms.
[memory ][Fri Jul 23 08:41:12 2021][18813] [YC#203] 19332.214-19332.259: YC 5724328KB->3035049KB (8388608KB), 0.044 s, sum of pauses 43.888 ms, longest pause 43.888 ms.
[memory ][Fri Jul 23 08:42:41 2021][18813] [YC#204] 19421.777-19421.829: YC 6237955KB->3575881KB (8388608KB), 0.052 s, sum of pauses 50.070 ms, longest pause 50.070 ms.
[memory ][Fri Jul 23 08:43:40 2021][18813] [YC#205] 19480.786-19480.837: YC 6574718KB->3903603KB (8388608KB), 0.051 s, sum of pauses 51.007 ms, longest pause 51.007 ms.
[memory ][Fri Jul 23 08:43:56 2021][18813] [YC#206] 19496.970-19497.052: YC 6719637KB->4028398KB (8388608KB), 0.082 s, sum of pauses 81.716 ms, longest pause 81.716 ms.
[memory ][Fri Jul 23 08:44:25 2021][18813] [YC#207] 19525.650-19525.708: YC 6930268KB->4236805KB (8388608KB), 0.058 s, sum of pauses 57.919 ms, longest pause 57.919 ms.
[memory ][Fri Jul 23 08:44:26 2021][18813] [OC#32] 19526.211-19526.501: OC 4371967KB->1223642KB (8388608KB), 0.290 s, sum of pauses 252.278 ms, longest pause 252.278 ms.
[memory ][Fri Jul 23 08:44:56 2021][18813] [YC#208] 19556.873-19556.910: YC 5034482KB->2344171KB (8388608KB), 0.037 s, sum of pauses 35.937 ms, longest pause 35.937 ms.
[memory ][Fri Jul 23 08:46:34 2021][18813] [YC#209] 19654.718-19654.759: YC 5794443KB->3110301KB (8388608KB), 0.041 s, sum of pauses 40.513 ms, longest pause 40.513 ms.
[memory ][Fri Jul 23 08:48:30 2021][18813] [YC#210] 19770.796-19770.850: YC 6769739KB->4104231KB (8388608KB), 0.054 s, sum of pauses 53.274 ms, longest pause 53.274 ms.
[memory ][Fri Jul 23 08:49:15 2021][18813] [OC#33] 19815.133-19815.427: OC 7931911KB->1146575KB (8388608KB), 0.294 s, sum of pauses 261.296 ms, longest pause 261.296 ms.
[memory ][Fri Jul 23 08:51:02 2021][18813] [YC#211] 19922.190-19922.229: YC 5386500KB->2730061KB (8388608KB), 0.040 s, sum of pauses 39.037 ms, longest pause 39.037 ms.
[memory ][Fri Jul 23 08:53:38 2021][18813] [YC#212] 20078.927-20078.981: YC 6328406KB->3683440KB (8388608KB), 0.054 s, sum of pauses 53.684 ms, longest pause 53.684 ms.
[memory ][Fri Jul 23 08:54:27 2021][18813] [YC#213] 20127.363-20127.439: YC 6722563KB->4067996KB (8388608KB), 0.076 s, sum of pauses 75.918 ms, longest pause 75.918 ms.
[memory ][Fri Jul 23 08:56:31 2021][18813] [YC#214] 20251.882-20251.943: YC 7554912KB->4926543KB (8388608KB), 0.061 s, sum of pauses 60.953 ms, longest pause 60.953 ms.
[memory ][Fri Jul 23 08:56:32 2021][18813] [OC#34] 20252.274-20252.534: OC 4962602KB->1123247KB (8388608KB), 0.260 s, sum of pauses 225.995 ms, longest pause 225.995 ms.
[memory ][Fri Jul 23 08:58:56 2021][18813] [YC#215] 20396.843-20396.896: YC 5631068KB->2984249KB (8388608KB), 0.054 s, sum of pauses 52.998 ms, longest pause 52.998 ms.
[memory ][Fri Jul 23 09:00:00 2021][18813] [OC#35] 20460.200-20460.998: OC 5303631KB->1141315KB (8388608KB), 0.798 s, sum of pauses 755.186 ms, longest pause 755.186 ms.
[memory ][Fri Jul 23 09:00:04 2021][18813] [OC#36] 20460.998-20465.090: OC 1162564KB->1121852KB (8388608KB), 4.092 s, sum of pauses 4056.879 ms, longest pause 4056.879 ms.
[memory ][Fri Jul 23 09:01:49 2021][18813] [YC#216] 20569.088-20569.148: YC 5450296KB->2792986KB (8388608KB), 0.060 s, sum of pauses 59.189 ms, longest pause 59.189 ms.
[memory ][Fri Jul 23 09:02:21 2021][18813] [YC#217] 20601.185-20601.227: YC 5713563KB->3028615KB (8388608KB), 0.043 s, sum of pauses 42.040 ms, longest pause 42.040 ms.
[memory ][Fri Jul 23 09:02:25 2021][18813] [YC#218] 20605.819-20605.847: YC 5780070KB->3072495KB (8388608KB), 0.028 s, sum of pauses 27.412 ms, longest pause 27.412 ms.
[memory ][Fri Jul 23 09:02:30 2021][18813] [YC#219] 20610.489-20610.513: YC 5842377KB->3126768KB (8388608KB), 0.024 s, sum of pauses 23.303 ms, longest pause 23.303 ms.
[memory ][Fri Jul 23 09:02:35 2021][18813] [YC#220] 20615.285-20615.317: YC 5886892KB->3170707KB (8388608KB), 0.031 s, sum of pauses 31.032 ms, longest pause 31.032 ms.
[memory ][Fri Jul 23 09:02:40 2021][18813] [YC#221] 20620.113-20620.146: YC 5917090KB->3204533KB (8388608KB), 0.033 s, sum of pauses 32.964 ms, longest pause 32.964 ms.
[memory ][Fri Jul 23 09:02:44 2021][18813] [YC#222] 20624.943-20624.971: YC 5950557KB->3234722KB (8388608KB), 0.027 s, sum of pauses 27.110 ms, longest pause 27.110 ms.
[memory ][Fri Jul 23 09:03:24 2021][18813] [YC#223] 20664.108-20664.143: YC 6369718KB->3655032KB (8388608KB), 0.035 s, sum of pauses 34.389 ms, longest pause 34.389 ms.
[memory ][Fri Jul 23 09:04:26 2021][18813] [YC#224] 20726.361-20726.412: YC 6830186KB->4135107KB (8388608KB), 0.051 s, sum of pauses 50.671 ms, longest pause 50.671 ms.
[memory ][Fri Jul 23 09:05:36 2021][18813] [OC#37] 20796.224-20796.526: OC 6145853KB->1209254KB (8388608KB), 0.302 s, sum of pauses 266.811 ms, longest pause 266.811 ms.
[memory ][Fri Jul 23 09:06:25 2021][18813] [YC#225] 20845.566-20845.610: YC 5609908KB->2918202KB (8388608KB), 0.044 s, sum of pauses 42.800 ms, longest pause 42.800 ms.
[memory ][Fri Jul 23 09:06:35 2021][18813] [YC#226] 20855.916-20855.949: YC 6287099KB->3585869KB (8388608KB), 0.034 s, sum of pauses 33.202 ms, longest pause 33.202 ms.
[memory ][Fri Jul 23 09:06:47 2021][18813] [YC#227] 20867.568-20867.600: YC 6914135KB->4213055KB (8388608KB), 0.032 s, sum of pauses 31.635 ms, longest pause 31.635 ms.
[memory ][Fri Jul 23 09:07:03 2021][18813] [YC#228] 20883.614-20883.648: YC 7585472KB->4885780KB (8388608KB), 0.034 s, sum of pauses 33.841 ms, longest pause 33.841 ms.
[memory ][Fri Jul 23 09:07:08 2021][18813] [OC#38] 20888.515-20888.829: OC 5392055KB->1195541KB (8388608KB), 0.314 s, sum of pauses 267.338 ms, longest pause 267.338 ms.
[memory ][Fri Jul 23 09:07:30 2021][18813] [YC#229] 20910.901-20910.936: YC 5668710KB->2997336KB (8388608KB), 0.035 s, sum of pauses 34.333 ms, longest pause 34.333 ms.
[memory ][Fri Jul 23 09:07:55 2021][18813] [YC#230] 20936.022-20936.055: YC 6384670KB->3719110KB (8388608KB), 0.034 s, sum of pauses 33.205 ms, longest pause 33.205 ms.
[memory ][Fri Jul 23 09:08:36 2021][18813] [OC#39] 20976.843-20977.119: OC 6710681KB->1249559KB (8388608KB), 0.276 s, sum of pauses 242.819 ms, longest pause 242.819 ms.
[memory ][Fri Jul 23 09:08:54 2021][18813] [YC#231] 20994.651-20994.696: YC 3192400KB->1870499KB (8388608KB), 0.045 s, sum of pauses 44.316 ms, longest pause 44.316 ms.
[memory ][Fri Jul 23 09:09:17 2021][18813] [YC#232] 21017.749-21017.795: YC 3453247KB->2142901KB (8388608KB), 0.046 s, sum of pauses 45.747 ms, longest pause 45.747 ms.
[memory ][Fri Jul 23 09:09:56 2021][18813] [YC#233] 21056.237-21056.278: YC 3765884KB->2444961KB (8388608KB), 0.041 s, sum of pauses 40.693 ms, longest pause 40.693 ms.
[memory ][Fri Jul 23 09:10:40 2021][18813] [YC#234] 21100.527-21100.566: YC 4087655KB->2766262KB (8388608KB), 0.039 s, sum of pauses 38.672 ms, longest pause 38.672 ms.
[memory ][Fri Jul 23 09:10:55 2021][18813] [YC#235] 21115.582-21115.626: YC 4212289KB->2894097KB (8388608KB), 0.045 s, sum of pauses 43.937 ms, longest pause 43.937 ms.
[memory ][Fri Jul 23 09:11:14 2021][18813] [YC#236] 21134.773-21134.822: YC 4409375KB->3086085KB (8388608KB), 0.050 s, sum of pauses 49.287 ms, longest pause 49.287 ms.
[memory ][Fri Jul 23 09:12:13 2021][18813] [YC#237] 21193.388-21193.438: YC 4871871KB->3559287KB (8388608KB), 0.049 s, sum of pauses 48.697 ms, longest pause 48.697 ms.
[memory ][Fri Jul 23 09:12:27 2021][18813] [YC#238] 21207.584-21207.619: YC 5853006KB->4524132KB (8388608KB), 0.035 s, sum of pauses 34.475 ms, longest pause 34.475 ms.
[memory ][Fri Jul 23 09:12:45 2021][18813] [YC#239] 21225.693-21225.730: YC 6054516KB->4725844KB (8388608KB), 0.037 s, sum of pauses 36.856 ms, longest pause 36.856 ms.
[memory ][Fri Jul 23 09:13:34 2021][18813] [YC#240] 21274.802-21274.847: YC 6837397KB->5511493KB (8388608KB), 0.045 s, sum of pauses 44.651 ms, longest pause 44.651 ms.
[memory ][Fri Jul 23 09:13:40 2021][18813] [YC#241] 21280.928-21280.977: YC 6900344KB->5570548KB (8388608KB), 0.049 s, sum of pauses 48.974 ms, longest pause 48.974 ms.
[memory ][Fri Jul 23 09:13:48 2021][18813] [YC#242] 21288.622-21288.665: YC 6965776KB->5634143KB (8388608KB), 0.042 s, sum of pauses 41.802 ms, longest pause 41.802 ms.
[memory ][Fri Jul 23 09:13:55 2021][18813] [YC#243] 21295.505-21295.559: YC 7020267KB->5693420KB (8388608KB), 0.054 s, sum of pauses 53.661 ms, longest pause 53.661 ms.
[memory ][Fri Jul 23 09:14:03 2021][18813] [OC#40] 21303.672-21303.932: OC 6862924KB->1162475KB (8388608KB), 0.260 s, sum of pauses 226.964 ms, longest pause 226.964 ms.
[memory ][Fri Jul 23 09:14:47 2021][18813] [YC#244] 21347.916-21347.959: YC 4962340KB->2324924KB (8388608KB), 0.043 s, sum of pauses 42.847 ms, longest pause 42.847 ms.
[memory ][Fri Jul 23 09:15:39 2021][18813] [YC#245] 21399.452-21399.494: YC 5456457KB->2799508KB (8388608KB), 0.041 s, sum of pauses 40.899 ms, longest pause 40.899 ms.
[memory ][Fri Jul 23 09:16:35 2021][18813] [YC#246] 21455.281-21455.333: YC 5964446KB->3335292KB (8388608KB), 0.053 s, sum of pauses 52.041 ms, longest pause 52.041 ms.
[memory ][Fri Jul 23 09:17:37 2021][18813] [YC#247] 21517.128-21517.180: YC 6469146KB->3823835KB (8388608KB), 0.052 s, sum of pauses 51.536 ms, longest pause 51.536 ms.
[memory ][Fri Jul 23 09:19:00 2021][18813] [YC#248] 21600.473-21600.525: YC 7033275KB->4417482KB (8388608KB), 0.051 s, sum of pauses 51.052 ms, longest pause 51.052 ms.
[memory ][Fri Jul 23 09:20:00 2021][18813] [OC#41] 21660.756-21661.052: OC 7136718KB->1187618KB (8388608KB), 0.296 s, sum of pauses 266.251 ms, longest pause 266.251 ms.
[memory ][Fri Jul 23 09:21:12 2021][18813] [YC#249] 21732.179-21732.262: YC 5276984KB->2677485KB (8388608KB), 0.083 s, sum of pauses 82.258 ms, longest pause 82.258 ms.
[memory ][Fri Jul 23 09:21:22 2021][18813] [YC#250] 21742.482-21742.541: YC 5467832KB->2833091KB (8388608KB), 0.059 s, sum of pauses 58.858 ms, longest pause 58.858 ms.
[memory ][Fri Jul 23 09:22:00 2021][18813] [YC#251] 21780.549-21780.588: YC 5850865KB->3178954KB (8388608KB), 0.038 s, sum of pauses 38.080 ms, longest pause 38.080 ms.
[memory ][Fri Jul 23 09:23:27 2021][18813] [YC#252] 21867.376-21867.438: YC 7482031KB->4862494KB (8388608KB), 0.063 s, sum of pauses 62.050 ms, longest pause 62.050 ms.
[memory ][Fri Jul 23 09:23:44 2021][18813] [OC#42] 21884.332-21884.624: OC 6042378KB->1216553KB (8388608KB), 0.292 s, sum of pauses 259.306 ms, longest pause 259.306 ms.
[memory ][Fri Jul 23 09:25:13 2021][18813] [YC#253] 21973.535-21973.594: YC 5553230KB->2910510KB (8388608KB), 0.059 s, sum of pauses 58.548 ms, longest pause 58.548 ms.
[memory ][Fri Jul 23 09:26:18 2021][18813] [YC#254] 22038.694-22038.762: YC 5972194KB->3347186KB (8388608KB), 0.068 s, sum of pauses 67.695 ms, longest pause 67.695 ms.
[memory ][Fri Jul 23 09:28:24 2021][18813] [YC#255] 22163.520-22163.579: YC 6992579KB->4373299KB (8388608KB), 0.059 s, sum of pauses 58.786 ms, longest pause 58.786 ms.
[memory ][Fri Jul 23 09:29:27 2021][18813] [YC#256] 22227.864-22227.917: YC 7506415KB->4864199KB (8388608KB), 0.053 s, sum of pauses 52.114 ms, longest pause 52.114 ms.
[memory ][Fri Jul 23 09:29:49 2021][18813] [OC#43] 22248.925-22249.196: OC 5582119KB->1238773KB (8388608KB), 0.270 s, sum of pauses 237.407 ms, longest pause 237.407 ms.
[memory ][Fri Jul 23 09:30:02 2021][18813] [OC#44] 22261.556-22262.769: OC 1627657KB->1215063KB (8388608KB), 1.213 s, sum of pauses 1178.129 ms, longest pause 1178.129 ms.
[memory ][Fri Jul 23 09:30:05 2021][18813] [OC#45] 22262.769-22265.386: OC 1237023KB->1203120KB (8388608KB), 2.617 s, sum of pauses 2583.348 ms, longest pause 2583.348 ms.
[memory ][Fri Jul 23 09:31:02 2021][18813] [YC#257] 22322.546-22322.594: YC 5233784KB->2577174KB (8388608KB), 0.048 s, sum of pauses 47.701 ms, longest pause 47.701 ms.
[memory ][Fri Jul 23 09:32:18 2021][18813] [YC#258] 22398.888-22398.966: YC 5996638KB->3362033KB (8388608KB), 0.078 s, sum of pauses 77.027 ms, longest pause 77.027 ms.
[memory ][Fri Jul 23 09:32:21 2021][18813] [YC#259] 22401.573-22401.630: YC 6208985KB->3566173KB (8388608KB), 0.057 s, sum of pauses 56.054 ms, longest pause 56.054 ms.
[memory ][Fri Jul 23 09:32:25 2021][18813] [YC#260] 22405.865-22405.892: YC 6285814KB->3609120KB (8388608KB), 0.027 s, sum of pauses 26.313 ms, longest pause 26.313 ms.
[memory ][Fri Jul 23 09:32:30 2021][18813] [YC#261] 22410.545-22410.575: YC 6346352KB->3668056KB (8388608KB), 0.030 s, sum of pauses 29.808 ms, longest pause 29.808 ms.
[memory ][Fri Jul 23 09:32:34 2021][18813] [YC#262] 22414.954-22414.995: YC 6400560KB->3731322KB (8388608KB), 0.040 s, sum of pauses 40.051 ms, longest pause 40.051 ms.
[memory ][Fri Jul 23 09:32:39 2021][18813] [YC#263] 22419.826-22419.861: YC 6482005KB->3803929KB (8388608KB), 0.034 s, sum of pauses 34.071 ms, longest pause 34.071 ms.
[memory ][Fri Jul 23 09:32:44 2021][18813] [YC#264] 22424.594-22424.620: YC 6606380KB->3919326KB (8388608KB), 0.027 s, sum of pauses 26.313 ms, longest pause 26.313 ms.
[memory ][Fri Jul 23 09:32:49 2021][18813] [YC#265] 22429.366-22429.394: YC 6658698KB->3975334KB (8388608KB), 0.028 s, sum of pauses 28.041 ms, longest pause 28.041 ms.
[memory ][Fri Jul 23 09:32:50 2021][18813] [OC#46] 22429.939-22430.243: OC 4320903KB->1194930KB (8388608KB), 0.304 s, sum of pauses 270.977 ms, longest pause 270.977 ms.
[memory ][Fri Jul 23 09:33:57 2021][18813] [YC#266] 22497.730-22497.781: YC 6171342KB->3509236KB (8388608KB), 0.051 s, sum of pauses 50.291 ms, longest pause 50.291 ms.
[memory ][Fri Jul 23 09:35:00 2021][18813] [YC#267] 22560.247-22560.307: YC 6686520KB->4047023KB (8388608KB), 0.061 s, sum of pauses 60.473 ms, longest pause 60.473 ms.
[memory ][Fri Jul 23 09:35:54 2021][18813] [YC#268] 22614.076-22614.146: YC 7236938KB->4618596KB (8388608KB), 0.070 s, sum of pauses 69.458 ms, longest pause 69.458 ms.
[memory ][Fri Jul 23 09:37:16 2021][18813] [OC#47] 22696.464-22696.739: OC 6976827KB->1229873KB (8388608KB), 0.275 s, sum of pauses 241.311 ms, longest pause 241.311 ms.
[memory ][Fri Jul 23 09:38:00 2021][18813] [YC#269] 22740.595-22740.643: YC 6019628KB->3360906KB (8388608KB), 0.048 s, sum of pauses 47.497 ms, longest pause 47.497 ms.
[memory ][Fri Jul 23 09:38:52 2021][18813] [OC#48] 22792.480-22792.779: OC 4700232KB->1245760KB (8388608KB), 0.299 s, sum of pauses 267.516 ms, longest pause 267.516 ms.
[memory ][Fri Jul 23 09:39:44 2021][18813] [YC#270] 22844.135-22844.170: YC 3402741KB->2079674KB (8388608KB), 0.035 s, sum of pauses 35.115 ms, longest pause 35.115 ms.
[memory ][Fri Jul 23 09:40:43 2021][18813] [YC#271] 22903.492-22903.530: YC 3891979KB->2568115KB (8388608KB), 0.038 s, sum of pauses 37.017 ms, longest pause 37.017 ms.
[memory ][Fri Jul 23 09:40:57 2021][18813] [YC#272] 22917.602-22917.643: YC 4073815KB->2762017KB (8388608KB), 0.041 s, sum of pauses 41.013 ms, longest pause 41.013 ms.
[memory ][Fri Jul 23 09:41:57 2021][18813] [YC#273] 22977.554-22977.595: YC 4570066KB->3236604KB (8388608KB), 0.041 s, sum of pauses 40.553 ms, longest pause 40.553 ms.
[memory ][Fri Jul 23 09:42:27 2021][18813] [YC#274] 23007.766-23007.814: YC 4896610KB->3584498KB (8388608KB), 0.049 s, sum of pauses 47.868 ms, longest pause 47.868 ms.
[memory ][Fri Jul 23 09:42:47 2021][18813] [YC#275] 23027.348-23027.392: YC 5176097KB->3850088KB (8388608KB), 0.044 s, sum of pauses 43.859 ms, longest pause 43.859 ms.
[memory ][Fri Jul 23 09:43:36 2021][18813] [YC#276] 23076.987-23077.036: YC 5560156KB->4229357KB (8388608KB), 0.049 s, sum of pauses 48.175 ms, longest pause 48.175 ms.
[memory ][Fri Jul 23 09:43:44 2021][18813] [YC#277] 23084.297-23084.345: YC 5632639KB->4304304KB (8388608KB), 0.048 s, sum of pauses 47.455 ms, longest pause 47.455 ms.
[memory ][Fri Jul 23 09:43:51 2021][18813] [YC#278] 23091.334-23091.383: YC 5707332KB->4373152KB (8388608KB), 0.049 s, sum of pauses 48.512 ms, longest pause 48.512 ms.
[memory ][Fri Jul 23 09:43:57 2021][18813] [YC#279] 23097.878-23097.908: YC 5762669KB->4423061KB (8388608KB), 0.030 s, sum of pauses 29.098 ms, longest pause 29.098 ms.
[memory ][Fri Jul 23 09:44:02 2021][18813] [YC#280] 23102.535-23102.582: YC 5802840KB->4459133KB (8388608KB), 0.047 s, sum of pauses 46.528 ms, longest pause 46.528 ms.
[memory ][Fri Jul 23 09:44:23 2021][18813] [YC#281] 23123.119-23123.158: YC 6011930KB->4686692KB (8388608KB), 0.039 s, sum of pauses 38.527 ms, longest pause 38.527 ms.
[memory ][Fri Jul 23 09:44:33 2021][18813] [YC#282] 23133.345-23133.383: YC 6127981KB->4794169KB (8388608KB), 0.038 s, sum of pauses 37.423 ms, longest pause 37.423 ms.
[memory ][Fri Jul 23 09:44:46 2021][18813] [YC#283] 23147.038-23147.084: YC 6235779KB->4906788KB (8388608KB), 0.046 s, sum of pauses 38.325 ms, longest pause 38.325 ms.
[memory ][Fri Jul 23 09:44:53 2021][18813] [OC#49] 23153.632-23153.908: OC 6236522KB->1242487KB (8388608KB), 0.276 s, sum of pauses 237.850 ms, longest pause 237.850 ms.
[memory ][Fri Jul 23 09:45:58 2021][18813] [YC#284] 23218.924-23218.983: YC 5265516KB->2654083KB (8388608KB), 0.059 s, sum of pauses 58.933 ms, longest pause 58.933 ms.
[memory ][Fri Jul 23 09:47:29 2021][18813] [YC#285] 23309.482-23309.544: YC 6051188KB->3413253KB (8388608KB), 0.061 s, sum of pauses 60.681 ms, longest pause 60.681 ms.
[memory ][Fri Jul 23 09:48:56 2021][18813] [YC#286] 23396.876-23396.933: YC 6968977KB->4334818KB (8388608KB), 0.056 s, sum of pauses 55.719 ms, longest pause 55.719 ms.
[memory ][Fri Jul 23 09:49:44 2021][18813] [OC#50] 23443.957-23444.248: OC 6942094KB->1250730KB (8388608KB), 0.291 s, sum of pauses 256.392 ms, longest pause 256.392 ms.
[memory ][Fri Jul 23 09:51:19 2021][18813] [YC#287] 23539.322-23539.374: YC 5531628KB->2913663KB (8388608KB), 0.052 s, sum of pauses 51.510 ms, longest pause 51.510 ms.
[memory ][Fri Jul 23 09:52:34 2021][18813] [YC#288] 23614.640-23614.695: YC 6349924KB->3716820KB (8388608KB), 0.055 s, sum of pauses 54.445 ms, longest pause 54.445 ms.
[memory ][Fri Jul 23 09:52:54 2021][18813] [OC#51] 23634.154-23634.468: OC 6226849KB->1296664KB (8388608KB), 0.314 s, sum of pauses 283.604 ms, longest pause 283.604 ms.
[memory ][Fri Jul 23 09:53:47 2021][18813] [YC#289] 23687.300-23687.334: YC 3800091KB->2486482KB (8388608KB), 0.035 s, sum of pauses 34.253 ms, longest pause 34.253 ms.
[memory ][Fri Jul 23 09:54:04 2021][18813] [YC#290] 23704.103-23704.134: YC 4103586KB->2779781KB (8388608KB), 0.031 s, sum of pauses 30.649 ms, longest pause 30.649 ms.
[memory ][Fri Jul 23 09:54:27 2021][18813] [YC#291] 23727.827-23727.883: YC 4399793KB->3088918KB (8388608KB), 0.056 s, sum of pauses 55.528 ms, longest pause 55.528 ms.
[memory ][Fri Jul 23 09:55:12 2021][18813] [YC#292] 23772.177-23772.219: YC 4876440KB->3572479KB (8388608KB), 0.042 s, sum of pauses 41.386 ms, longest pause 41.386 ms.
[memory ][Fri Jul 23 09:55:45 2021][18813] [YC#293] 23805.736-23805.784: YC 5138541KB->3834921KB (8388608KB), 0.048 s, sum of pauses 47.110 ms, longest pause 47.110 ms.
[memory ][Fri Jul 23 09:56:16 2021][18813] [YC#294] 23836.420-23836.460: YC 5424228KB->4100483KB (8388608KB), 0.040 s, sum of pauses 39.498 ms, longest pause 39.498 ms.
[memory ][Fri Jul 23 09:57:00 2021][18813] [OC#52] 23880.381-23880.709: OC 5322641KB->1265415KB (8388608KB), 0.329 s, sum of pauses 294.733 ms, longest pause 294.733 ms.
[memory ][Fri Jul 23 09:58:37 2021][18813] [YC#295] 23977.207-23977.259: YC 6278040KB->3660399KB (8388608KB), 0.052 s, sum of pauses 51.202 ms, longest pause 51.202 ms.
[memory ][Fri Jul 23 09:59:27 2021][18813] [YC#296] 24027.840-24027.893: YC 6919684KB->4313043KB (8388608KB), 0.053 s, sum of pauses 52.745 ms, longest pause 52.745 ms.
[memory ][Fri Jul 23 09:59:48 2021][18813] [OC#53] 24048.831-24049.127: OC 5164496KB->1246420KB (8388608KB), 0.296 s, sum of pauses 263.479 ms, longest pause 263.479 ms.
[memory ][Fri Jul 23 10:00:01 2021][18813] [OC#54] 24060.264-24061.292: OC 1690786KB->1234555KB (8388608KB), 1.028 s, sum of pauses 991.928 ms, longest pause 991.928 ms.
[memory ][Fri Jul 23 10:00:05 2021][18813] [OC#55] 24061.297-24065.570: OC 1247037KB->1219530KB (8388608KB), 4.273 s, sum of pauses 4242.118 ms, longest pause 4242.118 ms.
[memory ][Fri Jul 23 10:01:03 2021][18813] [YC#297] 24123.822-24123.894: YC 5521272KB->2920350KB (8388608KB), 0.072 s, sum of pauses 71.645 ms, longest pause 71.645 ms.
[memory ][Fri Jul 23 10:02:08 2021][18813] [YC#298] 24189.017-24189.084: YC 6748328KB->4136114KB (8388608KB), 0.067 s, sum of pauses 66.219 ms, longest pause 66.219 ms.
[memory ][Fri Jul 23 10:03:06 2021][18813] [OC#56] 24246.422-24246.720: OC 7294349KB->1317359KB (8388608KB), 0.298 s, sum of pauses 263.472 ms, longest pause 263.472 ms.
[memory ][Fri Jul 23 10:03:57 2021][18813] [YC#299] 24297.409-24297.459: YC 3547802KB->2255131KB (8388608KB), 0.050 s, sum of pauses 49.769 ms, longest pause 49.769 ms.
[memory ][Fri Jul 23 10:04:12 2021][18813] [YC#300] 24312.884-24312.931: YC 3852703KB->2544684KB (8388608KB), 0.048 s, sum of pauses 47.187 ms, longest pause 47.187 ms.
[memory ][Fri Jul 23 10:04:29 2021][18813] [YC#301] 24329.198-24329.237: YC 4118103KB->2796698KB (8388608KB), 0.039 s, sum of pauses 38.392 ms, longest pause 38.392 ms.
[memory ][Fri Jul 23 10:05:08 2021][18813] [YC#302] 24368.520-24368.567: YC 4517642KB->3200984KB (8388608KB), 0.047 s, sum of pauses 46.897 ms, longest pause 46.897 ms.
[memory ][Fri Jul 23 10:05:56 2021][18813] [YC#303] 24416.332-24416.389: YC 4999405KB->3708355KB (8388608KB), 0.057 s, sum of pauses 56.933 ms, longest pause 56.933 ms.
[memory ][Fri Jul 23 10:06:06 2021][18813] [YC#304] 24426.426-24426.474: YC 5157102KB->3837632KB (8388608KB), 0.048 s, sum of pauses 47.703 ms, longest pause 47.703 ms.
[memory ][Fri Jul 23 10:07:00 2021][18813] [YC#305] 24480.600-24480.639: YC 5622374KB->4306687KB (8388608KB), 0.039 s, sum of pauses 38.200 ms, longest pause 38.200 ms.
[memory ][Fri Jul 23 10:07:55 2021][18813] [YC#306] 24536.035-24536.082: YC 6111250KB->4794066KB (8388608KB), 0.047 s, sum of pauses 46.821 ms, longest pause 46.821 ms.
[memory ][Fri Jul 23 10:08:41 2021][18813] [OC#57] 24581.007-24581.292: OC 6428579KB->1306851KB (8388608KB), 0.285 s, sum of pauses 249.412 ms, longest pause 249.412 ms.
[memory ][Fri Jul 23 10:10:05 2021][18813] [YC#307] 24665.282-24665.343: YC 5671919KB->3053503KB (8388608KB), 0.061 s, sum of pauses 60.338 ms, longest pause 60.338 ms.
[memory ][Fri Jul 23 10:10:56 2021][18813] [YC#308] 24716.423-24716.480: YC 6333448KB->3741285KB (8388608KB), 0.057 s, sum of pauses 56.351 ms, longest pause 56.351 ms.
[memory ][Fri Jul 23 10:11:40 2021][18813] [YC#309] 24760.446-24760.503: YC 6872668KB->4253189KB (8388608KB), 0.058 s, sum of pauses 57.089 ms, longest pause 57.089 ms.
[memory ][Fri Jul 23 10:12:08 2021][18813] [OC#58] 24787.997-24788.371: OC 6119280KB->1318975KB (8388608KB), 0.374 s, sum of pauses 341.705 ms, longest pause 341.705 ms.
[memory ][Fri Jul 23 10:13:06 2021][18813] [YC#310] 24846.811-24846.855: YC 5843142KB->3223782KB (8388608KB), 0.044 s, sum of pauses 44.009 ms, longest pause 44.009 ms.
[memory ][Fri Jul 23 10:13:41 2021][18813] [YC#311] 24881.534-24881.582: YC 6174509KB->3556271KB (8388608KB), 0.048 s, sum of pauses 47.581 ms, longest pause 47.581 ms.
[memory ][Fri Jul 23 10:13:55 2021][18813] [YC#312] 24895.512-24895.558: YC 6316568KB->3678677KB (8388608KB), 0.045 s, sum of pauses 44.883 ms, longest pause 44.883 ms.
[memory ][Fri Jul 23 10:14:04 2021][18813] [YC#313] 24905.018-24905.104: YC 6377839KB->3764060KB (8388608KB), 0.086 s, sum of pauses 85.386 ms, longest pause 85.386 ms.
[memory ][Fri Jul 23 10:14:43 2021][18813] [YC#314] 24943.531-24943.575: YC 6657159KB->4039538KB (8388608KB), 0.044 s, sum of pauses 43.697 ms, longest pause 43.697 ms.
[memory ][Fri Jul 23 10:15:00 2021][18813] [YC#315] 24960.582-24960.614: YC 6835415KB->4201610KB (8388608KB), 0.032 s, sum of pauses 31.609 ms, longest pause 31.609 ms.
[memory ][Fri Jul 23 10:15:08 2021][18813] [OC#59] 24968.694-24969.027: OC 4756208KB->1285209KB (8388608KB), 0.333 s, sum of pauses 301.737 ms, longest pause 301.737 ms.
[memory ][Fri Jul 23 10:16:01 2021][18813] [YC#316] 25021.089-25021.135: YC 5418573KB->2795170KB (8388608KB), 0.047 s, sum of pauses 46.005 ms, longest pause 46.005 ms.
[memory ][Fri Jul 23 10:16:33 2021][18813] [YC#317] 25053.348-25053.395: YC 6924128KB->4311300KB (8388608KB), 0.047 s, sum of pauses 46.378 ms, longest pause 46.378 ms.
[memory ][Fri Jul 23 10:17:26 2021][18813] [YC#318] 25106.342-25106.391: YC 7475579KB->4865989KB (8388608KB), 0.049 s, sum of pauses 48.374 ms, longest pause 48.374 ms.
[memory ][Fri Jul 23 10:17:29 2021][18813] [OC#60] 25109.029-25109.321: OC 5023094KB->1264026KB (8388608KB), 0.292 s, sum of pauses 258.174 ms, longest pause 258.174 ms.
[memory ][Fri Jul 23 10:18:58 2021][18813] [YC#319] 25198.528-25198.591: YC 5386861KB->2783315KB (8388608KB), 0.063 s, sum of pauses 62.305 ms, longest pause 62.305 ms.
[memory ][Fri Jul 23 10:19:27 2021][18813] [YC#320] 25227.663-25227.717: YC 5682447KB->3051928KB (8388608KB), 0.055 s, sum of pauses 54.424 ms, longest pause 54.424 ms.
[memory ][Fri Jul 23 10:20:50 2021][18813] [YC#321] 25310.290-25310.349: YC 6383319KB->3795437KB (8388608KB), 0.059 s, sum of pauses 58.380 ms, longest pause 58.380 ms.
[memory ][Fri Jul 23 10:21:14 2021][18813] [YC#322] 25334.407-25334.461: YC 6585393KB->3979023KB (8388608KB), 0.054 s, sum of pauses 53.494 ms, longest pause 53.494 ms.
[memory ][Fri Jul 23 10:21:14 2021][18813] [OC#61] 25334.761-25335.041: OC 4009500KB->1267333KB (8388608KB), 0.280 s, sum of pauses 246.499 ms, longest pause 246.499 ms.
[memory ][Fri Jul 23 10:22:51 2021][18813] [YC#323] 25432.006-25432.055: YC 5814613KB->3208442KB (8388608KB), 0.049 s, sum of pauses 48.515 ms, longest pause 48.515 ms.
[memory ][Fri Jul 23 10:23:56 2021][18813] [YC#324] 25496.296-25496.339: YC 6494689KB->3883794KB (8388608KB), 0.043 s, sum of pauses 42.133 ms, longest pause 42.133 ms.
[memory ][Fri Jul 23 10:24:17 2021][18813] [OC#62] 25517.710-25518.004: OC 5601773KB->1279298KB (8388608KB), 0.294 s, sum of pauses 261.400 ms, longest pause 261.400 ms.
[memory ][Fri Jul 23 10:24:53 2021][18813] [YC#325] 25553.328-25553.358: YC 3307697KB->2004645KB (8388608KB), 0.031 s, sum of pauses 30.199 ms, longest pause 30.199 ms.
[memory ][Fri Jul 23 10:25:37 2021][18813] [YC#326] 25597.545-25597.580: YC 3680124KB->2379437KB (8388608KB), 0.035 s, sum of pauses 34.777 ms, longest pause 34.777 ms.
[memory ][Fri Jul 23 10:26:04 2021][18813] [YC#327] 25624.765-25624.809: YC 3890646KB->2599855KB (8388608KB), 0.044 s, sum of pauses 43.682 ms, longest pause 43.682 ms.
[memory ][Fri Jul 23 10:26:15 2021][18813] [YC#328] 25635.751-25635.789: YC 3994565KB->2688538KB (8388608KB), 0.039 s, sum of pauses 38.125 ms, longest pause 38.125 ms.
[memory ][Fri Jul 23 10:26:54 2021][18813] [YC#329] 25674.999-25675.028: YC 4394590KB->3080898KB (8388608KB), 0.029 s, sum of pauses 28.111 ms, longest pause 28.111 ms.
[memory ][Fri Jul 23 10:27:32 2021][18813] [YC#330] 25712.911-25712.943: YC 4834058KB->3533547KB (8388608KB), 0.032 s, sum of pauses 31.614 ms, longest pause 31.614 ms.
[memory ][Fri Jul 23 10:28:01 2021][18813] [YC#331] 25741.466-25741.502: YC 6775248KB->5483004KB (8388608KB), 0.036 s, sum of pauses 35.565 ms, longest pause 35.565 ms.
[memory ][Fri Jul 23 10:28:36 2021][18813] [OC#63] 25776.471-25776.752: OC 6612223KB->1276114KB (8388608KB), 0.281 s, sum of pauses 250.396 ms, longest pause 250.396 ms.
[memory ][Fri Jul 23 10:29:34 2021][18813] [YC#332] 25834.531-25834.578: YC 5210790KB->2579338KB (8388608KB), 0.047 s, sum of pauses 46.289 ms, longest pause 46.289 ms.
[memory ][Fri Jul 23 10:30:01 2021][18813] [OC#64] 25860.304-25861.648: OC 3437978KB->1288974KB (8388608KB), 1.344 s, sum of pauses 1310.411 ms, longest pause 1310.411 ms.
[memory ][Fri Jul 23 10:30:04 2021][18813] [OC#65] 25861.652-25864.377: OC 1301471KB->1268369KB (8388608KB), 2.725 s, sum of pauses 2692.720 ms, longest pause 2692.720 ms.
[memory ][Fri Jul 23 10:31:00 2021][18813] [YC#333] 25920.187-25920.257: YC 5258098KB->2665497KB (8388608KB), 0.070 s, sum of pauses 69.000 ms, longest pause 69.000 ms.
[memory ][Fri Jul 23 10:31:46 2021][18813] [YC#334] 25966.133-25966.198: YC 5844181KB->3222246KB (8388608KB), 0.064 s, sum of pauses 64.029 ms, longest pause 64.029 ms.
[memory ][Fri Jul 23 10:32:20 2021][18813] [YC#335] 26000.875-26000.928: YC 6191956KB->3589806KB (8388608KB), 0.054 s, sum of pauses 53.216 ms, longest pause 53.216 ms.
[memory ][Fri Jul 23 10:32:25 2021][18813] [YC#336] 26005.650-26005.675: YC 6291407KB->3632650KB (8388608KB), 0.026 s, sum of pauses 25.300 ms, longest pause 25.300 ms.
[memory ][Fri Jul 23 10:32:30 2021][18813] [YC#337] 26010.334-26010.358: YC 6352034KB->3692295KB (8388608KB), 0.025 s, sum of pauses 24.385 ms, longest pause 24.385 ms.
[memory ][Fri Jul 23 10:32:34 2021][18813] [YC#338] 26014.972-26014.997: YC 6399224KB->3741026KB (8388608KB), 0.025 s, sum of pauses 24.702 ms, longest pause 24.702 ms.
[memory ][Fri Jul 23 10:32:39 2021][18813] [YC#339] 26019.592-26019.625: YC 6440532KB->3781029KB (8388608KB), 0.032 s, sum of pauses 31.953 ms, longest pause 31.953 ms.
[memory ][Fri Jul 23 10:32:43 2021][18813] [YC#340] 26023.167-26023.201: YC 6614457KB->3964416KB (8388608KB), 0.034 s, sum of pauses 33.611 ms, longest pause 33.611 ms.
[memory ][Fri Jul 23 10:32:47 2021][18813] [OC#66] 26027.739-26028.026: OC 6608354KB->1240945KB (8388608KB), 0.287 s, sum of pauses 253.556 ms, longest pause 253.556 ms.
[memory ][Fri Jul 23 10:33:44 2021][18813] [YC#341] 26084.598-26084.655: YC 5224831KB->2605853KB (8388608KB), 0.057 s, sum of pauses 56.761 ms, longest pause 56.761 ms.
[memory ][Fri Jul 23 10:34:13 2021][18813] [YC#342] 26113.395-26113.457: YC 5502170KB->2878115KB (8388608KB), 0.062 s, sum of pauses 61.873 ms, longest pause 61.873 ms.
[memory ][Fri Jul 23 10:35:19 2021][18813] [YC#343] 26179.435-26179.487: YC 5938464KB->3304633KB (8388608KB), 0.052 s, sum of pauses 51.266 ms, longest pause 51.266 ms.
[memory ][Fri Jul 23 10:36:00 2021][18813] [YC#344] 26221.031-26221.093: YC 6243893KB->3640202KB (8388608KB), 0.062 s, sum of pauses 61.383 ms, longest pause 61.383 ms.
[memory ][Fri Jul 23 10:36:22 2021][18813] [OC#67] 26242.286-26242.609: OC 5778644KB->1308350KB (8388608KB), 0.324 s, sum of pauses 286.672 ms, longest pause 286.672 ms.
[memory ][Fri Jul 23 10:36:57 2021][18813] [YC#345] 26277.245-26277.300: YC 5217058KB->2604601KB (8388608KB), 0.055 s, sum of pauses 54.966 ms, longest pause 54.966 ms.
[memory ][Fri Jul 23 10:38:11 2021][18813] [YC#346] 26351.072-26351.214: YC 5695823KB->3077542KB (8388608KB), 0.142 s, sum of pauses 141.413 ms, longest pause 141.413 ms.
[memory ][Fri Jul 23 10:39:00 2021][18813] [YC#347] 26400.288-26400.368: YC 6082306KB->3552907KB (8388608KB), 0.080 s, sum of pauses 79.672 ms, longest pause 79.672 ms.
[memory ][Fri Jul 23 10:40:00 2021][18813] [YC#348] 26460.391-26460.435: YC 7371840KB->4737666KB (8388608KB), 0.044 s, sum of pauses 43.970 ms, longest pause 43.970 ms.
[memory ][Fri Jul 23 10:40:49 2021][18813] [YC#349] 26509.241-26509.301: YC 7761149KB->5153699KB (8388608KB), 0.060 s, sum of pauses 59.285 ms, longest pause 59.285 ms.
[memory ][Fri Jul 23 10:40:53 2021][18813] [OC#68] 26513.648-26513.966: OC 5754325KB->1322492KB (8388608KB), 0.318 s, sum of pauses 284.106 ms, longest pause 284.106 ms.
[memory ][Fri Jul 23 10:42:31 2021][18813] [YC#350] 26611.625-26611.686: YC 5697023KB->3095979KB (8388608KB), 0.061 s, sum of pauses 60.214 ms, longest pause 60.214 ms.
[memory ][Fri Jul 23 10:43:35 2021][18813] [YC#351] 26675.913-26675.962: YC 6517022KB->3904603KB (8388608KB), 0.049 s, sum of pauses 48.243 ms, longest pause 48.243 ms.
[memory ][Fri Jul 23 10:43:51 2021][18813] [YC#352] 26691.349-26691.391: YC 6764580KB->4150730KB (8388608KB), 0.042 s, sum of pauses 42.114 ms, longest pause 42.114 ms.
[memory ][Fri Jul 23 10:44:00 2021][18813] [OC#69] 26700.653-26700.998: OC 6603034KB->1362282KB (8388608KB), 0.345 s, sum of pauses 313.756 ms, longest pause 313.756 ms.
[memory ][Fri Jul 23 10:44:26 2021][18813] [YC#353] 26726.293-26726.329: YC 5144622KB->2508903KB (8388608KB), 0.036 s, sum of pauses 35.272 ms, longest pause 35.272 ms.
[memory ][Fri Jul 23 10:44:49 2021][18813] [YC#354] 26749.336-26749.378: YC 5333959KB->2720456KB (8388608KB), 0.042 s, sum of pauses 42.110 ms, longest pause 42.110 ms.
[memory ][Fri Jul 23 10:45:21 2021][18813] [YC#355] 26781.809-26781.849: YC 5738256KB->3108265KB (8388608KB), 0.040 s, sum of pauses 39.632 ms, longest pause 39.632 ms.
[memory ][Fri Jul 23 10:45:59 2021][18813] [YC#356] 26819.243-26819.293: YC 6107518KB->3502059KB (8388608KB), 0.050 s, sum of pauses 49.868 ms, longest pause 49.868 ms.
[memory ][Fri Jul 23 10:47:05 2021][18813] [YC#357] 26885.332-26885.383: YC 6975471KB->4369352KB (8388608KB), 0.050 s, sum of pauses 49.885 ms, longest pause 49.885 ms.
[memory ][Fri Jul 23 10:48:02 2021][18813] [OC#70] 26942.062-26942.334: OC 7054303KB->1316308KB (8388608KB), 0.272 s, sum of pauses 236.493 ms, longest pause 236.493 ms.
[memory ][Fri Jul 23 10:49:27 2021][18813] [YC#358] 27027.474-27027.527: YC 5490247KB->2905785KB (8388608KB), 0.054 s, sum of pauses 53.130 ms, longest pause 53.130 ms.
[memory ][Fri Jul 23 10:50:36 2021][18813] [YC#359] 27096.246-27096.303: YC 6035174KB->3461081KB (8388608KB), 0.057 s, sum of pauses 56.151 ms, longest pause 56.151 ms.
[memory ][Fri Jul 23 10:51:25 2021][18813] [YC#360] 27145.988-27146.047: YC 6635022KB->4042809KB (8388608KB), 0.059 s, sum of pauses 58.475 ms, longest pause 58.475 ms.
[memory ][Fri Jul 23 10:51:33 2021][18813] [OC#71] 27153.262-27153.584: OC 4388954KB->1301324KB (8388608KB), 0.323 s, sum of pauses 288.850 ms, longest pause 288.850 ms.
[memory ][Fri Jul 23 10:52:46 2021][18813] [YC#361] 27226.896-27226.977: YC 5736865KB->3157397KB (8388608KB), 0.081 s, sum of pauses 80.119 ms, longest pause 80.119 ms.
[memory ][Fri Jul 23 10:52:49 2021][18813] [OC#72] 27229.292-27229.604: OC 6870046KB->1383338KB (8388608KB), 0.312 s, sum of pauses 258.158 ms, longest pause 258.158 ms.
[memory ][Fri Jul 23 10:53:29 2021][18813] [YC#362] 27270.017-27270.054: YC 3778702KB->2487771KB (8388608KB), 0.037 s, sum of pauses 36.278 ms, longest pause 36.278 ms.
[memory ][Fri Jul 23 10:53:55 2021][18813] [YC#363] 27295.877-27295.913: YC 4166303KB->2876788KB (8388608KB), 0.036 s, sum of pauses 35.353 ms, longest pause 35.353 ms.
[memory ][Fri Jul 23 10:54:13 2021][18813] [YC#364] 27313.324-27313.364: YC 4408984KB->3123426KB (8388608KB), 0.040 s, sum of pauses 39.287 ms, longest pause 39.287 ms.
[memory ][Fri Jul 23 10:54:28 2021][18813] [YC#365] 27328.681-27328.721: YC 4611553KB->3330966KB (8388608KB), 0.040 s, sum of pauses 40.085 ms, longest pause 40.085 ms.
[memory ][Fri Jul 23 10:55:07 2021][18813] [YC#366] 27367.190-27367.220: YC 5010756KB->3717682KB (8388608KB), 0.031 s, sum of pauses 30.224 ms, longest pause 30.224 ms.
[memory ][Fri Jul 23 10:55:35 2021][18813] [YC#367] 27395.726-27395.765: YC 5300625KB->4007919KB (8388608KB), 0.039 s, sum of pauses 38.641 ms, longest pause 38.641 ms.
[memory ][Fri Jul 23 10:55:46 2021][18813] [YC#368] 27406.558-27406.595: YC 5401553KB->4100974KB (8388608KB), 0.037 s, sum of pauses 36.447 ms, longest pause 36.447 ms.
[memory ][Fri Jul 23 10:56:19 2021][18813] [YC#369] 27439.559-27439.592: YC 5711968KB->4408675KB (8388608KB), 0.033 s, sum of pauses 32.696 ms, longest pause 32.696 ms.
[memory ][Fri Jul 23 10:57:00 2021][18813] [YC#370] 27480.502-27480.542: YC 6060011KB->4779853KB (8388608KB), 0.040 s, sum of pauses 39.525 ms, longest pause 39.525 ms.
[memory ][Fri Jul 23 10:57:34 2021][18813] [OC#73] 27514.368-27514.683: OC 6529337KB->1325972KB (8388608KB), 0.315 s, sum of pauses 281.757 ms, longest pause 281.757 ms.
[memory ][Fri Jul 23 10:58:03 2021][18813] [YC#371] 27543.388-27543.436: YC 6098337KB->3483035KB (8388608KB), 0.048 s, sum of pauses 47.369 ms, longest pause 47.369 ms.
[memory ][Fri Jul 23 10:58:58 2021][18813] [YC#372] 27598.168-27598.241: YC 6559524KB->4000427KB (8388608KB), 0.073 s, sum of pauses 72.227 ms, longest pause 72.227 ms.
[memory ][Fri Jul 23 10:59:51 2021][18813] [YC#373] 27651.262-27651.305: YC 7272315KB->4670048KB (8388608KB), 0.043 s, sum of pauses 42.227 ms, longest pause 42.227 ms.
[memory ][Fri Jul 23 11:00:01 2021][18813] [OC#74] 27660.299-27661.420: OC 5173409KB->1302049KB (8388608KB), 1.121 s, sum of pauses 1088.610 ms, longest pause 1088.610 ms.
[memory ][Fri Jul 23 11:00:06 2021][18813] [OC#75] 27661.422-27666.366: OC 1308769KB->1282151KB (8388608KB), 4.944 s, sum of pauses 4913.454 ms, longest pause 4913.454 ms.
[memory ][Fri Jul 23 11:00:47 2021][18813] [YC#374] 27707.755-27707.823: YC 5520943KB->2916476KB (8388608KB), 0.068 s, sum of pauses 67.999 ms, longest pause 67.999 ms.
[memory ][Fri Jul 23 11:01:19 2021][18813] [YC#375] 27739.368-27739.434: YC 6029648KB->3423437KB (8388608KB), 0.066 s, sum of pauses 65.660 ms, longest pause 65.660 ms.
[memory ][Fri Jul 23 11:02:19 2021][18813] [YC#376] 27799.105-27799.175: YC 6666131KB->4090005KB (8388608KB), 0.070 s, sum of pauses 69.650 ms, longest pause 69.650 ms.
[memory ][Fri Jul 23 11:02:23 2021][18813] [YC#377] 27803.742-27803.784: YC 6818324KB->4190331KB (8388608KB), 0.042 s, sum of pauses 41.420 ms, longest pause 41.420 ms.
[memory ][Fri Jul 23 11:02:28 2021][18813] [YC#378] 27808.357-27808.383: YC 6888585KB->4235581KB (8388608KB), 0.026 s, sum of pauses 25.946 ms, longest pause 25.946 ms.
[memory ][Fri Jul 23 11:02:32 2021][18813] [YC#379] 27812.629-27812.658: YC 6934484KB->4288554KB (8388608KB), 0.029 s, sum of pauses 28.985 ms, longest pause 28.985 ms.
[memory ][Fri Jul 23 11:02:37 2021][18813] [YC#380] 27817.364-27817.391: YC 6982743KB->4332358KB (8388608KB), 0.027 s, sum of pauses 26.727 ms, longest pause 26.727 ms.
[memory ][Fri Jul 23 11:02:41 2021][18813] [YC#381] 27821.961-27821.995: YC 7029466KB->4386219KB (8388608KB), 0.034 s, sum of pauses 33.597 ms, longest pause 33.597 ms.
[memory ][Fri Jul 23 11:02:46 2021][18813] [YC#382] 27826.387-27826.425: YC 7097380KB->4450699KB (8388608KB), 0.038 s, sum of pauses 37.954 ms, longest pause 37.954 ms.
[memory ][Fri Jul 23 11:02:47 2021][18813] [OC#76] 27827.614-27827.902: OC 5248767KB->1305585KB (8388608KB), 0.287 s, sum of pauses 257.340 ms, longest pause 257.340 ms.
[memory ][Fri Jul 23 11:03:47 2021][18813] [YC#383] 27887.999-27888.043: YC 5504820KB->2875975KB (8388608KB), 0.045 s, sum of pauses 44.175 ms, longest pause 44.175 ms.
[memory ][Fri Jul 23 11:04:27 2021][18813] [YC#384] 27927.430-27927.484: YC 5883476KB->3262172KB (8388608KB), 0.054 s, sum of pauses 53.429 ms, longest pause 53.429 ms.
[memory ][Fri Jul 23 11:05:37 2021][18813] [YC#385] 27997.213-27997.275: YC 7246410KB->4638516KB (8388608KB), 0.062 s, sum of pauses 61.703 ms, longest pause 61.703 ms.
[memory ][Fri Jul 23 11:06:21 2021][18813] [OC#77] 28041.520-28041.861: OC 7631233KB->1335220KB (8388608KB), 0.342 s, sum of pauses 301.731 ms, longest pause 301.731 ms.
[memory ][Fri Jul 23 11:07:36 2021][18813] [YC#386] 28116.962-28117.024: YC 5587077KB->2987263KB (8388608KB), 0.061 s, sum of pauses 60.698 ms, longest pause 60.698 ms.
[memory ][Fri Jul 23 11:08:09 2021][18813] [OC#78] 28149.567-28149.846: OC 7286390KB->1378491KB (8388608KB), 0.279 s, sum of pauses 244.611 ms, longest pause 244.611 ms.
[memory ][Fri Jul 23 11:08:11 2021][18813] [YC#387] 28151.588-28151.629: YC 4701342KB->3382006KB (8388608KB), 0.041 s, sum of pauses 38.355 ms, longest pause 38.355 ms.
[memory ][Fri Jul 23 11:08:13 2021][18813] [OC#79] 28152.845-28153.208: OC 5832689KB->1412141KB (8388608KB), 0.363 s, sum of pauses 301.464 ms, longest pause 301.464 ms.
[memory ][Fri Jul 23 11:08:13 2021][18813] [YC#388] 28153.969-28153.997: YC 3011435KB->2355091KB (8388608KB), 0.028 s, sum of pauses 26.267 ms, longest pause 26.267 ms.
[memory ][Fri Jul 23 11:08:14 2021][18813] [YC#389] 28154.583-28154.609: YC 3643093KB->2985862KB (8388608KB), 0.026 s, sum of pauses 24.999 ms, longest pause 24.999 ms.
[memory ][Fri Jul 23 11:08:15 2021][18813] [YC#390] 28155.224-28155.250: YC 4287782KB->3630838KB (8388608KB), 0.026 s, sum of pauses 25.215 ms, longest pause 25.215 ms.
[memory ][Fri Jul 23 11:08:15 2021][18813] [YC#391] 28155.934-28155.964: YC 4991521KB->4333943KB (8388608KB), 0.030 s, sum of pauses 29.653 ms, longest pause 29.653 ms.
[memory ][Fri Jul 23 11:08:16 2021][18813] [OC#80] 28156.372-28156.654: OC 5139257KB->1450055KB (8388608KB), 0.282 s, sum of pauses 241.305 ms, longest pause 241.305 ms.
[memory ][Fri Jul 23 11:08:17 2021][18813] [YC#392] 28157.417-28157.446: YC 3307132KB->2653778KB (8388608KB), 0.029 s, sum of pauses 28.064 ms, longest pause 28.064 ms.
[memory ][Fri Jul 23 11:08:17 2021][18813] [YC#393] 28157.999-28158.027: YC 4311627KB->3654174KB (8388608KB), 0.028 s, sum of pauses 27.012 ms, longest pause 27.012 ms.
[memory ][Fri Jul 23 11:08:31 2021][18813] [YC#394] 28171.882-28171.923: YC 4502437KB->3858306KB (8388608KB), 0.040 s, sum of pauses 39.764 ms, longest pause 39.764 ms.
[memory ][Fri Jul 23 11:08:48 2021][18813] [YC#395] 28188.573-28188.622: YC 4712188KB->4085983KB (8388608KB), 0.049 s, sum of pauses 48.175 ms, longest pause 48.175 ms.
[memory ][Fri Jul 23 11:08:56 2021][18813] [YC#396] 28196.537-28196.581: YC 5807622KB->5165884KB (8388608KB), 0.044 s, sum of pauses 43.637 ms, longest pause 43.637 ms.
[memory ][Fri Jul 23 11:08:58 2021][18813] [YC#397] 28198.814-28198.861: YC 6844734KB->6203101KB (8388608KB), 0.047 s, sum of pauses 46.889 ms, longest pause 46.889 ms.
[memory ][Fri Jul 23 11:09:04 2021][18813] [OC#81] 28204.142-28204.442: OC 6920032KB->1370166KB (8388608KB), 0.301 s, sum of pauses 266.622 ms, longest pause 266.622 ms.
[memory ][Fri Jul 23 11:10:22 2021][18813] [YC#398] 28282.227-28282.282: YC 5664462KB->3104157KB (8388608KB), 0.055 s, sum of pauses 54.621 ms, longest pause 54.621 ms.
[memory ][Fri Jul 23 11:11:03 2021][18813] [YC#399] 28323.505-28323.558: YC 6194344KB->3641241KB (8388608KB), 0.053 s, sum of pauses 52.750 ms, longest pause 52.750 ms.
[memory ][Fri Jul 23 11:12:07 2021][18813] [YC#400] 28387.978-28388.040: YC 6945177KB->4383084KB (8388608KB), 0.062 s, sum of pauses 61.471 ms, longest pause 61.471 ms.
[memory ][Fri Jul 23 11:12:41 2021][18813] [OC#82] 28420.916-28421.214: OC 6126927KB->1353480KB (8388608KB), 0.298 s, sum of pauses 263.715 ms, longest pause 263.715 ms.
[memory ][Fri Jul 23 11:13:37 2021][18813] [YC#401] 28477.608-28477.672: YC 5554537KB->3028317KB (8388608KB), 0.065 s, sum of pauses 64.087 ms, longest pause 64.087 ms.
[memory ][Fri Jul 23 11:13:54 2021][18813] [YC#402] 28494.304-28494.372: YC 5809167KB->3241883KB (8388608KB), 0.068 s, sum of pauses 67.253 ms, longest pause 67.253 ms.
[memory ][Fri Jul 23 11:14:05 2021][18813] [YC#403] 28505.341-28505.400: YC 5985365KB->3425758KB (8388608KB), 0.059 s, sum of pauses 58.228 ms, longest pause 58.228 ms.
[memory ][Fri Jul 23 11:14:34 2021][18813] [YC#404] 28534.232-28534.298: YC 6310444KB->3730895KB (8388608KB), 0.066 s, sum of pauses 65.452 ms, longest pause 65.452 ms.
[memory ][Fri Jul 23 11:14:38 2021][18813] [YC#405] 28538.470-28538.557: YC 6397956KB->3853839KB (8388608KB), 0.088 s, sum of pauses 87.234 ms, longest pause 87.234 ms.
[memory ][Fri Jul 23 11:14:49 2021][18813] [YC#406] 28549.637-28549.675: YC 6551693KB->3964803KB (8388608KB), 0.038 s, sum of pauses 37.248 ms, longest pause 37.248 ms.
[memory ][Fri Jul 23 11:15:07 2021][18813] [YC#407] 28567.150-28567.200: YC 6788917KB->4206525KB (8388608KB), 0.051 s, sum of pauses 50.219 ms, longest pause 50.219 ms.
[memory ][Fri Jul 23 11:15:44 2021][18813] [OC#83] 28604.174-28604.475: OC 6112164KB->1352238KB (8388608KB), 0.301 s, sum of pauses 268.827 ms, longest pause 268.827 ms.
[memory ][Fri Jul 23 11:17:04 2021][18813] [YC#408] 28684.871-28684.928: YC 5615619KB->3027365KB (8388608KB), 0.058 s, sum of pauses 57.082 ms, longest pause 57.082 ms.
[memory ][Fri Jul 23 11:18:22 2021][18813] [YC#409] 28762.921-28762.977: YC 6326046KB->3732920KB (8388608KB), 0.056 s, sum of pauses 55.260 ms, longest pause 55.260 ms.
[memory ][Fri Jul 23 11:18:24 2021][18813] [OC#84] 28764.153-28764.507: OC 6208906KB->1361091KB (8388608KB), 0.354 s, sum of pauses 295.045 ms, longest pause 295.045 ms.
[memory ][Fri Jul 23 11:18:55 2021][18813] [YC#410] 28795.705-28795.747: YC 3959027KB->2670511KB (8388608KB), 0.042 s, sum of pauses 41.443 ms, longest pause 41.443 ms.
[memory ][Fri Jul 23 11:19:09 2021][18813] [YC#411] 28809.637-28809.670: YC 4122463KB->2820143KB (8388608KB), 0.034 s, sum of pauses 33.372 ms, longest pause 33.372 ms.
[memory ][Fri Jul 23 11:19:40 2021][18813] [YC#412] 28840.305-28840.345: YC 4409831KB->3104003KB (8388608KB), 0.040 s, sum of pauses 39.765 ms, longest pause 39.765 ms.
[memory ][Fri Jul 23 11:20:10 2021][18813] [YC#413] 28870.486-28870.525: YC 5789969KB->4499821KB (8388608KB), 0.039 s, sum of pauses 38.415 ms, longest pause 38.415 ms.
[memory ][Fri Jul 23 11:20:37 2021][18813] [YC#414] 28897.403-28897.445: YC 6072319KB->4783208KB (8388608KB), 0.042 s, sum of pauses 41.573 ms, longest pause 41.573 ms.
[memory ][Fri Jul 23 11:20:57 2021][18813] [YC#415] 28918.024-28918.060: YC 6296385KB->4996564KB (8388608KB), 0.036 s, sum of pauses 35.282 ms, longest pause 35.282 ms.
[memory ][Fri Jul 23 11:21:44 2021][18813] [YC#416] 28965.076-28965.115: YC 7212242KB->5921102KB (8388608KB), 0.039 s, sum of pauses 38.686 ms, longest pause 38.686 ms.
[memory ][Fri Jul 23 11:21:47 2021][18813] [OC#85] 28966.956-28967.276: OC 6196595KB->1278263KB (8388608KB), 0.320 s, sum of pauses 281.852 ms, longest pause 281.852 ms.
